Using pre-set license
Built from '2021.2/staging' branch; Version is '2021.2.6f1 (8c4e826ba445) revision 9195138'; Using compiler version '192829333'; Build Type 'Release'
OS: 'Windows 10  (10.0.19043) 64bit Core' Language: 'en' Physical Memory: 16338 MB
BatchMode: 1, IsHumanControllingUs: 0, StartBugReporterOnCrash: 0, Is64bit: 1, IsPro: 0

COMMAND LINE ARGUMENTS:
C:\Program Files\Unity\Hub\Editor\2021.2.6f1\Editor\Unity.exe
-adb2
-batchMode
-noUpm
-name
AssetImportWorker5
-projectPath
D:/Programming/Mastered/Projects/ChessQuesters/Chess Questers
-logFile
Logs/AssetImportWorker5.log
-srvPort
54603
Successfully changed project path to: D:/Programming/Mastered/Projects/ChessQuesters/Chess Questers
D:/Programming/Mastered/Projects/ChessQuesters/Chess Questers
[UnityMemory] Configuration Parameters - Can be set up in boot.config
    "memorysetup-bucket-allocator-granularity=16"
    "memorysetup-bucket-allocator-bucket-count=8"
    "memorysetup-bucket-allocator-block-size=33554432"
    "memorysetup-bucket-allocator-block-count=8"
    "memorysetup-main-allocator-block-size=16777216"
    "memorysetup-thread-allocator-block-size=16777216"
    "memorysetup-gfx-main-allocator-block-size=16777216"
    "memorysetup-gfx-thread-allocator-block-size=16777216"
    "memorysetup-cache-allocator-block-size=4194304"
    "memorysetup-typetree-allocator-block-size=2097152"
    "memorysetup-profiler-bucket-allocator-granularity=16"
    "memorysetup-profiler-bucket-allocator-bucket-count=8"
    "memorysetup-profiler-bucket-allocator-block-size=33554432"
    "memorysetup-profiler-bucket-allocator-block-count=8"
    "memorysetup-profiler-allocator-block-size=16777216"
    "memorysetup-profiler-editor-allocator-block-size=1048576"
    "memorysetup-temp-allocator-size-main=16777216"
    "memorysetup-job-temp-allocator-block-size=2097152"
    "memorysetup-job-temp-allocator-block-size-background=1048576"
    "memorysetup-job-temp-allocator-reduction-small-platforms=262144"
    "memorysetup-temp-allocator-size-background-worker=32768"
    "memorysetup-temp-allocator-size-job-worker=262144"
    "memorysetup-temp-allocator-size-preload-manager=33554432"
    "memorysetup-temp-allocator-size-nav-mesh-worker=65536"
    "memorysetup-temp-allocator-size-audio-worker=65536"
    "memorysetup-temp-allocator-size-cloud-worker=32768"
    "memorysetup-temp-allocator-size-gi-baking-worker=262144"
    "memorysetup-temp-allocator-size-gfx=262144"
Refreshing native plugins compatible for Editor in 38.86 ms, found 2 plugins.
Preloading 0 native plugins for Editor in 0.00 ms.
Initialize engine version: 2021.2.6f1 (8c4e826ba445)
[Subsystems] Discovering subsystems at path C:/Program Files/Unity/Hub/Editor/2021.2.6f1/Editor/Data/Resources/UnitySubsystems
[Subsystems] Discovering subsystems at path D:/Programming/Mastered/Projects/ChessQuesters/Chess Questers/Assets
GfxDevice: creating device client; threaded=0; jobified=0
Direct3D:
    Version:  Direct3D 11.0 [level 11.1]
    Renderer: NVIDIA GeForce GTX 1080 (ID=0x1b80)
    Vendor:   NVIDIA
    VRAM:     8079 MB
    Driver:   30.0.15.1179
Initialize mono
Mono path[0] = 'C:/Program Files/Unity/Hub/Editor/2021.2.6f1/Editor/Data/Managed'
Mono path[1] = 'C:/Program Files/Unity/Hub/Editor/2021.2.6f1/Editor/Data/MonoBleedingEdge/lib/mono/unityjit-win32'
Mono config path = 'C:/Program Files/Unity/Hub/Editor/2021.2.6f1/Editor/Data/MonoBleedingEdge/etc'
Using monoOptions --debugger-agent=transport=dt_socket,embedding=1,server=y,suspend=n,address=127.0.0.1:56616
Begin MonoManager ReloadAssembly
Registering precompiled unity dll's ...
Register platform support module: C:/Program Files/Unity/Hub/Editor/2021.2.6f1/Editor/Data/PlaybackEngines/WebGLSupport/UnityEditor.WebGL.Extensions.dll
Register platform support module: C:/Program Files/Unity/Hub/Editor/2021.2.6f1/Editor/Data/PlaybackEngines/WindowsStandaloneSupport/UnityEditor.WindowsStandalone.Extensions.dll
Registered in 0.008918 seconds.
Native extension for WindowsStandalone target not found
Native extension for WebGL target not found
Refreshing native plugins compatible for Editor in 40.36 ms, found 2 plugins.
Preloading 0 native plugins for Editor in 0.00 ms.
Mono: successfully reloaded assembly
- Completed reload, in  0.674 seconds
Domain Reload Profiling:
	ReloadAssembly (674ms)
		BeginReloadAssembly (122ms)
			ExecutionOrderSort (0ms)
			DisableScriptedObjects (0ms)
			BackupInstance (0ms)
			ReleaseScriptingObjects (0ms)
			CreateAndSetChildDomain (1ms)
		EndReloadAssembly (473ms)
			LoadAssemblies (120ms)
			RebuildTransferFunctionScriptingTraits (0ms)
			SetupTypeCache (152ms)
			ReleaseScriptCaches (0ms)
			RebuildScriptCaches (32ms)
			SetupLoadedEditorAssemblies (239ms)
				LogAssemblyErrors (0ms)
				InitializePlatformSupportModulesInManaged (18ms)
				SetLoadedEditorAssemblies (0ms)
				RefreshPlugins (40ms)
				BeforeProcessingInitializeOnLoad (1ms)
				ProcessInitializeOnLoadAttributes (135ms)
				ProcessInitializeOnLoadMethodAttributes (43ms)
				AfterProcessingInitializeOnLoad (0ms)
				EditorAssembliesLoaded (0ms)
			ExecutionOrderSort2 (0ms)
			AwakeInstancesAfterBackupRestoration (0ms)
Platform modules already initialized, skipping
Registering precompiled user dll's ...
Registered in 0.003891 seconds.
Begin MonoManager ReloadAssembly
Native extension for WindowsStandalone target not found
Native extension for WebGL target not found
Refreshing native plugins compatible for Editor in 35.25 ms, found 2 plugins.
Preloading 0 native plugins for Editor in 0.00 ms.
Mono: successfully reloaded assembly
- Completed reload, in  1.914 seconds
Domain Reload Profiling:
	ReloadAssembly (1914ms)
		BeginReloadAssembly (167ms)
			ExecutionOrderSort (0ms)
			DisableScriptedObjects (6ms)
			BackupInstance (0ms)
			ReleaseScriptingObjects (0ms)
			CreateAndSetChildDomain (23ms)
		EndReloadAssembly (1588ms)
			LoadAssemblies (863ms)
			RebuildTransferFunctionScriptingTraits (0ms)
			SetupTypeCache (203ms)
			ReleaseScriptCaches (0ms)
			RebuildScriptCaches (55ms)
			SetupLoadedEditorAssemblies (489ms)
				LogAssemblyErrors (0ms)
				InitializePlatformSupportModulesInManaged (12ms)
				SetLoadedEditorAssemblies (0ms)
				RefreshPlugins (35ms)
				BeforeProcessingInitializeOnLoad (55ms)
				ProcessInitializeOnLoadAttributes (355ms)
				ProcessInitializeOnLoadMethodAttributes (24ms)
				AfterProcessingInitializeOnLoad (8ms)
				EditorAssembliesLoaded (0ms)
			ExecutionOrderSort2 (0ms)
			AwakeInstancesAfterBackupRestoration (5ms)
Platform modules already initialized, skipping
========================================================================
Worker process is ready to serve import requests
Launched and connected shader compiler UnityShaderCompiler.exe after 0.30 seconds
Refreshing native plugins compatible for Editor in 0.56 ms, found 2 plugins.
Preloading 0 native plugins for Editor in 0.00 ms.
Unloading 2144 Unused Serialized files (Serialized files now loaded: 0)
Unloading 36 unused Assets / (129.4 KB). Loaded Objects now: 2634.
Memory consumption went from 113.7 MB to 113.6 MB.
Total: 6.002200 ms (FindLiveObjects: 0.225300 ms CreateObjectMapping: 0.097900 ms MarkObjects: 5.569300 ms  DeleteObjects: 0.108200 ms)

AssetImportParameters requested are different than current active one (requested -> active):
  custom:video-decoder-ogg-theora: a1e56fd34408186e4bbccfd4996cb3dc -> 
  custom:container-muxer-webm: aa71ff27fc2769a1b78a27578f13a17b -> 
  custom:container-demuxer-webm: 4f35f7cbe854078d1ac9338744f61a02 -> 
  custom:video-encoder-webm-vp8: eb34c28f22e8b96e1ab97ce403110664 -> 
  custom:audio-encoder-webm-vorbis: bf7c407c2cedff20999df2af8eb42d56 -> 
  custom:framework-win-MediaFoundation: 216162199b28c13a410421893ffa2e32 -> 
  custom:container-demuxer-ogg: 62fdf1f143b41e24485cea50d1cbac27 -> 
  custom:video-decoder-webm-vp8: 9c59270c3fd7afecdb556c50c9e8de78 -> 
  custom:audio-decoder-ogg-vorbis: bf7c407c2cedff20999df2af8eb42d56 -> 
========================================================================
Received Import Request.
  Time since last request: 729368.433496 seconds.
  path: Assets/ThirdParty/Polyart/PolyartStudio/DreamscapeMeadows/Meshes/Grass/SM_Grass_Group_01_Basic.fbx
  artifactKey: Guid(e68e0fba2d0f20644aeed054438a8e80) Importer(815301076,1909f56bfc062723c751e8b465ee728b)
Start importing Assets/ThirdParty/Polyart/PolyartStudio/DreamscapeMeadows/Meshes/Grass/SM_Grass_Group_01_Basic.fbx using Guid(e68e0fba2d0f20644aeed054438a8e80) Importer(815301076,1909f56bfc062723c751e8b465ee728b)  -> (artifact id: 'aace1a913349eb8983359a5f023102e3') in 0.424946 seconds 
========================================================================
Received Import Request.
  Time since last request: 0.000016 seconds.
  path: Assets/ThirdParty/Polyart/PolyartStudio/DreamscapeMeadows/Meshes/Grass/SM_Grass_03_Unity.fbx
  artifactKey: Guid(d0d8b4fbb89e22a4b828c917e4eca660) Importer(815301076,1909f56bfc062723c751e8b465ee728b)
Start importing Assets/ThirdParty/Polyart/PolyartStudio/DreamscapeMeadows/Meshes/Grass/SM_Grass_03_Unity.fbx using Guid(d0d8b4fbb89e22a4b828c917e4eca660) Importer(815301076,1909f56bfc062723c751e8b465ee728b)  -> (artifact id: '9e6cddcc4c4946e8c906067d8cc5207c') in 0.401567 seconds 
========================================================================
Received Import Request.
  Time since last request: 0.000018 seconds.
  path: Assets/ThirdParty/Polyart/PolyartStudio/DreamscapeMeadows/Textures/Effects/Particle System.prefab
  artifactKey: Guid(9b775f9156115b94884d95e9406a1d5a) Importer(815301076,1909f56bfc062723c751e8b465ee728b)
Start importing Assets/ThirdParty/Polyart/PolyartStudio/DreamscapeMeadows/Textures/Effects/Particle System.prefab using Guid(9b775f9156115b94884d95e9406a1d5a) Importer(815301076,1909f56bfc062723c751e8b465ee728b)  -> (artifact id: '7f1893c40c9ef5f190a16bdb5b93889a') in 0.615596 seconds 
========================================================================
Received Import Request.
  Time since last request: 17.587790 seconds.
  path: Assets/ThirdParty/Polyart/PolyartStudio/DreamscapeMeadows/Prefabs/Foliage/Prefab_Bush_03.prefab
  artifactKey: Guid(ed60867ab2e84f944925106afee949be) Importer(815301076,1909f56bfc062723c751e8b465ee728b)
Start importing Assets/ThirdParty/Polyart/PolyartStudio/DreamscapeMeadows/Prefabs/Foliage/Prefab_Bush_03.prefab using Guid(ed60867ab2e84f944925106afee949be) Importer(815301076,1909f56bfc062723c751e8b465ee728b)  -> (artifact id: 'f252f61f61506fb0ce757193c87c458c') in 0.174874 seconds 
========================================================================
Received Import Request.
  Time since last request: 0.000017 seconds.
  path: Assets/ThirdParty/Polyart/PolyartStudio/DreamscapeMeadows/Prefabs/Foliage/Prefab_Bush_05.prefab
  artifactKey: Guid(752776313c610ce429f1f8072f07382f) Importer(815301076,1909f56bfc062723c751e8b465ee728b)
Start importing Assets/ThirdParty/Polyart/PolyartStudio/DreamscapeMeadows/Prefabs/Foliage/Prefab_Bush_05.prefab using Guid(752776313c610ce429f1f8072f07382f) Importer(815301076,1909f56bfc062723c751e8b465ee728b)  -> (artifact id: 'af7742372c6498a33e0a1d1998d359ed') in 0.055902 seconds 
========================================================================
Received Import Request.
  Time since last request: 0.000018 seconds.
  path: Assets/ThirdParty/Polyart/PolyartStudio/DreamscapeMeadows/Prefabs/Foliage/Prefab_Flower_04.prefab
  artifactKey: Guid(5b0f9cb08ae1d8044bfa44cdf5cd1d4a) Importer(815301076,1909f56bfc062723c751e8b465ee728b)
Start importing Assets/ThirdParty/Polyart/PolyartStudio/DreamscapeMeadows/Prefabs/Foliage/Prefab_Flower_04.prefab using Guid(5b0f9cb08ae1d8044bfa44cdf5cd1d4a) Importer(815301076,1909f56bfc062723c751e8b465ee728b)  -> (artifact id: '8e2c1825eb13aabcbb945ba514864fa0') in 0.120679 seconds 
========================================================================
Received Import Request.
  Time since last request: 0.000018 seconds.
  path: Assets/ThirdParty/Polyart/PolyartStudio/DreamscapeMeadows/Prefabs/Foliage/Prefab_Mushroom_01.prefab
  artifactKey: Guid(9b72d40f06150c446b5fa1ab56177a13) Importer(815301076,1909f56bfc062723c751e8b465ee728b)
Start importing Assets/ThirdParty/Polyart/PolyartStudio/DreamscapeMeadows/Prefabs/Foliage/Prefab_Mushroom_01.prefab using Guid(9b72d40f06150c446b5fa1ab56177a13) Importer(815301076,1909f56bfc062723c751e8b465ee728b)  -> (artifact id: '2003d3f2e6ad1555b66c3dc854221b6d') in 0.133880 seconds 
========================================================================
Received Import Request.
  Time since last request: 0.000022 seconds.
  path: Assets/ThirdParty/Polyart/PolyartStudio/DreamscapeMeadows/Prefabs/Foliage/Prefab_Bush_07.prefab
  artifactKey: Guid(3093ea523ac57e34cb17a006b681ef37) Importer(815301076,1909f56bfc062723c751e8b465ee728b)
Start importing Assets/ThirdParty/Polyart/PolyartStudio/DreamscapeMeadows/Prefabs/Foliage/Prefab_Bush_07.prefab using Guid(3093ea523ac57e34cb17a006b681ef37) Importer(815301076,1909f56bfc062723c751e8b465ee728b)  -> (artifact id: 'd631a66b7668dd8076878241d280e4c3') in 0.069155 seconds 
========================================================================
Received Import Request.
  Time since last request: 0.000016 seconds.
  path: Assets/ThirdParty/Polyart/PolyartStudio/DreamscapeMeadows/Prefabs/Foliage/Prefab_Mushroom_05.prefab
  artifactKey: Guid(029a438a1c9fa9f42aca194d882c553d) Importer(815301076,1909f56bfc062723c751e8b465ee728b)
Start importing Assets/ThirdParty/Polyart/PolyartStudio/DreamscapeMeadows/Prefabs/Foliage/Prefab_Mushroom_05.prefab using Guid(029a438a1c9fa9f42aca194d882c553d) Importer(815301076,1909f56bfc062723c751e8b465ee728b)  -> (artifact id: '510f6de96b8e6cdf9bbdb1d288e6050e') in 0.109875 seconds 
========================================================================
Received Import Request.
  Time since last request: 0.000021 seconds.
  path: Assets/ThirdParty/Polyart/PolyartStudio/DreamscapeMeadows/Prefabs/Foliage/Prefab_Flower_03.prefab
  artifactKey: Guid(0a9468c458d571341abd2684434ab776) Importer(815301076,1909f56bfc062723c751e8b465ee728b)
Start importing Assets/ThirdParty/Polyart/PolyartStudio/DreamscapeMeadows/Prefabs/Foliage/Prefab_Flower_03.prefab using Guid(0a9468c458d571341abd2684434ab776) Importer(815301076,1909f56bfc062723c751e8b465ee728b)  -> (artifact id: '82f48382e64afc4e2b4e591f9bf752ac') in 0.022094 seconds 
Editor requested this worker to shutdown with reason: Scaling down because of idle timeout
AssetImportWorker is now disconnected from the server
Process exiting
Exiting without the bug reporter. Application will terminate with return code 0