Using pre-set license
Built from '2021.2/staging' branch; Version is '2021.2.6f1 (8c4e826ba445) revision 9195138'; Using compiler version '192829333'; Build Type 'Release'
OS: 'Windows 10  (10.0.19043) 64bit Core' Language: 'en' Physical Memory: 16338 MB
BatchMode: 1, IsHumanControllingUs: 0, StartBugReporterOnCrash: 0, Is64bit: 1, IsPro: 0

COMMAND LINE ARGUMENTS:
C:\Program Files\Unity\Hub\Editor\2021.2.6f1\Editor\Unity.exe
-adb2
-batchMode
-noUpm
-name
AssetImportWorker8
-projectPath
D:/Programming/Mastered/Projects/ChessQuesters/Chess Questers
-logFile
Logs/AssetImportWorker8.log
-srvPort
60397
Successfully changed project path to: D:/Programming/Mastered/Projects/ChessQuesters/Chess Questers
D:/Programming/Mastered/Projects/ChessQuesters/Chess Questers
[UnityMemory] Configuration Parameters - Can be set up in boot.config
    "memorysetup-bucket-allocator-granularity=16"
    "memorysetup-bucket-allocator-bucket-count=8"
    "memorysetup-bucket-allocator-block-size=33554432"
    "memorysetup-bucket-allocator-block-count=8"
    "memorysetup-main-allocator-block-size=16777216"
    "memorysetup-thread-allocator-block-size=16777216"
    "memorysetup-gfx-main-allocator-block-size=16777216"
    "memorysetup-gfx-thread-allocator-block-size=16777216"
    "memorysetup-cache-allocator-block-size=4194304"
    "memorysetup-typetree-allocator-block-size=2097152"
    "memorysetup-profiler-bucket-allocator-granularity=16"
    "memorysetup-profiler-bucket-allocator-bucket-count=8"
    "memorysetup-profiler-bucket-allocator-block-size=33554432"
    "memorysetup-profiler-bucket-allocator-block-count=8"
    "memorysetup-profiler-allocator-block-size=16777216"
    "memorysetup-profiler-editor-allocator-block-size=1048576"
    "memorysetup-temp-allocator-size-main=16777216"
    "memorysetup-job-temp-allocator-block-size=2097152"
    "memorysetup-job-temp-allocator-block-size-background=1048576"
    "memorysetup-job-temp-allocator-reduction-small-platforms=262144"
    "memorysetup-temp-allocator-size-background-worker=32768"
    "memorysetup-temp-allocator-size-job-worker=262144"
    "memorysetup-temp-allocator-size-preload-manager=33554432"
    "memorysetup-temp-allocator-size-nav-mesh-worker=65536"
    "memorysetup-temp-allocator-size-audio-worker=65536"
    "memorysetup-temp-allocator-size-cloud-worker=32768"
    "memorysetup-temp-allocator-size-gi-baking-worker=262144"
    "memorysetup-temp-allocator-size-gfx=262144"
Refreshing native plugins compatible for Editor in 35.60 ms, found 2 plugins.
Preloading 0 native plugins for Editor in 0.00 ms.
Initialize engine version: 2021.2.6f1 (8c4e826ba445)
[Subsystems] Discovering subsystems at path C:/Program Files/Unity/Hub/Editor/2021.2.6f1/Editor/Data/Resources/UnitySubsystems
[Subsystems] Discovering subsystems at path D:/Programming/Mastered/Projects/ChessQuesters/Chess Questers/Assets
GfxDevice: creating device client; threaded=0; jobified=0
Direct3D:
    Version:  Direct3D 11.0 [level 11.1]
    Renderer: NVIDIA GeForce GTX 1080 (ID=0x1b80)
    Vendor:   NVIDIA
    VRAM:     8079 MB
    Driver:   30.0.15.1179
Initialize mono
Mono path[0] = 'C:/Program Files/Unity/Hub/Editor/2021.2.6f1/Editor/Data/Managed'
Mono path[1] = 'C:/Program Files/Unity/Hub/Editor/2021.2.6f1/Editor/Data/MonoBleedingEdge/lib/mono/unityjit-win32'
Mono config path = 'C:/Program Files/Unity/Hub/Editor/2021.2.6f1/Editor/Data/MonoBleedingEdge/etc'
Using monoOptions --debugger-agent=transport=dt_socket,embedding=1,server=y,suspend=n,address=127.0.0.1:56108
Begin MonoManager ReloadAssembly
Registering precompiled unity dll's ...
Register platform support module: C:/Program Files/Unity/Hub/Editor/2021.2.6f1/Editor/Data/PlaybackEngines/WebGLSupport/UnityEditor.WebGL.Extensions.dll
Register platform support module: C:/Program Files/Unity/Hub/Editor/2021.2.6f1/Editor/Data/PlaybackEngines/WindowsStandaloneSupport/UnityEditor.WindowsStandalone.Extensions.dll
Registered in 0.008923 seconds.
Native extension for WindowsStandalone target not found
Native extension for WebGL target not found
Refreshing native plugins compatible for Editor in 31.23 ms, found 2 plugins.
Preloading 0 native plugins for Editor in 0.00 ms.
Mono: successfully reloaded assembly
- Completed reload, in  0.553 seconds
Domain Reload Profiling:
	ReloadAssembly (554ms)
		BeginReloadAssembly (72ms)
			ExecutionOrderSort (0ms)
			DisableScriptedObjects (0ms)
			BackupInstance (0ms)
			ReleaseScriptingObjects (0ms)
			CreateAndSetChildDomain (1ms)
		EndReloadAssembly (404ms)
			LoadAssemblies (70ms)
			RebuildTransferFunctionScriptingTraits (0ms)
			SetupTypeCache (99ms)
			ReleaseScriptCaches (0ms)
			RebuildScriptCaches (29ms)
			SetupLoadedEditorAssemblies (227ms)
				LogAssemblyErrors (0ms)
				InitializePlatformSupportModulesInManaged (16ms)
				SetLoadedEditorAssemblies (0ms)
				RefreshPlugins (31ms)
				BeforeProcessingInitializeOnLoad (1ms)
				ProcessInitializeOnLoadAttributes (135ms)
				ProcessInitializeOnLoadMethodAttributes (42ms)
				AfterProcessingInitializeOnLoad (0ms)
				EditorAssembliesLoaded (0ms)
			ExecutionOrderSort2 (0ms)
			AwakeInstancesAfterBackupRestoration (0ms)
Platform modules already initialized, skipping
Registering precompiled user dll's ...
Registered in 0.003699 seconds.
Begin MonoManager ReloadAssembly
Native extension for WindowsStandalone target not found
Native extension for WebGL target not found
Refreshing native plugins compatible for Editor in 30.76 ms, found 2 plugins.
Preloading 0 native plugins for Editor in 0.00 ms.
Mono: successfully reloaded assembly
- Completed reload, in  0.917 seconds
Domain Reload Profiling:
	ReloadAssembly (918ms)
		BeginReloadAssembly (105ms)
			ExecutionOrderSort (0ms)
			DisableScriptedObjects (5ms)
			BackupInstance (0ms)
			ReleaseScriptingObjects (0ms)
			CreateAndSetChildDomain (19ms)
		EndReloadAssembly (726ms)
			LoadAssemblies (72ms)
			RebuildTransferFunctionScriptingTraits (0ms)
			SetupTypeCache (171ms)
			ReleaseScriptCaches (0ms)
			RebuildScriptCaches (48ms)
			SetupLoadedEditorAssemblies (399ms)
				LogAssemblyErrors (0ms)
				InitializePlatformSupportModulesInManaged (12ms)
				SetLoadedEditorAssemblies (0ms)
				RefreshPlugins (31ms)
				BeforeProcessingInitializeOnLoad (54ms)
				ProcessInitializeOnLoadAttributes (275ms)
				ProcessInitializeOnLoadMethodAttributes (19ms)
				AfterProcessingInitializeOnLoad (9ms)
				EditorAssembliesLoaded (0ms)
			ExecutionOrderSort2 (0ms)
			AwakeInstancesAfterBackupRestoration (5ms)
Platform modules already initialized, skipping
========================================================================
Worker process is ready to serve import requests
Launched and connected shader compiler UnityShaderCompiler.exe after 0.05 seconds
Refreshing native plugins compatible for Editor in 0.40 ms, found 2 plugins.
Preloading 0 native plugins for Editor in 0.00 ms.
Unloading 2122 Unused Serialized files (Serialized files now loaded: 0)
Unloading 36 unused Assets / (129.2 KB). Loaded Objects now: 2595.
Memory consumption went from 94.2 MB to 94.1 MB.
Total: 3.768300 ms (FindLiveObjects: 0.195500 ms CreateObjectMapping: 0.094300 ms MarkObjects: 3.377600 ms  DeleteObjects: 0.099600 ms)

AssetImportParameters requested are different than current active one (requested -> active):
  custom:video-decoder-ogg-theora: a1e56fd34408186e4bbccfd4996cb3dc -> 
  custom:container-muxer-webm: aa71ff27fc2769a1b78a27578f13a17b -> 
  custom:container-demuxer-webm: 4f35f7cbe854078d1ac9338744f61a02 -> 
  custom:video-encoder-webm-vp8: eb34c28f22e8b96e1ab97ce403110664 -> 
  custom:audio-encoder-webm-vorbis: bf7c407c2cedff20999df2af8eb42d56 -> 
  custom:framework-win-MediaFoundation: 216162199b28c13a410421893ffa2e32 -> 
  custom:container-demuxer-ogg: 62fdf1f143b41e24485cea50d1cbac27 -> 
  custom:video-decoder-webm-vp8: 9c59270c3fd7afecdb556c50c9e8de78 -> 
  custom:audio-decoder-ogg-vorbis: bf7c407c2cedff20999df2af8eb42d56 -> 
========================================================================
Received Import Request.
  Time since last request: 243956.741214 seconds.
  path: Assets/Resources/Creatures/Male Bard.asset
  artifactKey: Guid(7ea0dd397ec81a747bf3af6e17e06450) Importer(815301076,1909f56bfc062723c751e8b465ee728b)
Start importing Assets/Resources/Creatures/Male Bard.asset using Guid(7ea0dd397ec81a747bf3af6e17e06450) Importer(815301076,1909f56bfc062723c751e8b465ee728b)  -> (artifact id: '84052b7a5b35ee0244dfdaaf9c652139') in 0.066927 seconds 
========================================================================
Received Import Request.
  Time since last request: 6.189246 seconds.
  path: Assets/Resources/Creatures/Male King.asset
  artifactKey: Guid(709b54673c4cfd2449561317fafaff62) Importer(815301076,1909f56bfc062723c751e8b465ee728b)
Start importing Assets/Resources/Creatures/Male King.asset using Guid(709b54673c4cfd2449561317fafaff62) Importer(815301076,1909f56bfc062723c751e8b465ee728b)  -> (artifact id: 'f9104e17f6ced25581df4e94d614bd78') in 0.016322 seconds 
========================================================================
Received Import Request.
  Time since last request: 5.984323 seconds.
  path: Assets/Resources/Creatures/Male Peasant.asset
  artifactKey: Guid(5062731ec3871be41ac0e9dc8c7bb1cc) Importer(815301076,1909f56bfc062723c751e8b465ee728b)
Start importing Assets/Resources/Creatures/Male Peasant.asset using Guid(5062731ec3871be41ac0e9dc8c7bb1cc) Importer(815301076,1909f56bfc062723c751e8b465ee728b)  -> (artifact id: '54c663d5e7c7825d88e55f5c722ddd3a') in 0.013305 seconds 
========================================================================
Received Import Request.
  Time since last request: 9.390374 seconds.
  path: Assets/Resources/Creatures/Male Rogue.asset
  artifactKey: Guid(0ca6723e1b351e64f82975a25699ae7f) Importer(815301076,1909f56bfc062723c751e8b465ee728b)
Start importing Assets/Resources/Creatures/Male Rogue.asset using Guid(0ca6723e1b351e64f82975a25699ae7f) Importer(815301076,1909f56bfc062723c751e8b465ee728b)  -> (artifact id: '84448725d5bdc0a39ce4ea49fcccee42') in 0.029089 seconds 
========================================================================
Received Import Request.
  Time since last request: 7.424867 seconds.
  path: Assets/Resources/Creatures/Male Sorcerer.asset
  artifactKey: Guid(91c8130bc52becf4b8c01a84d6ec40b9) Importer(815301076,1909f56bfc062723c751e8b465ee728b)
Start importing Assets/Resources/Creatures/Male Sorcerer.asset using Guid(91c8130bc52becf4b8c01a84d6ec40b9) Importer(815301076,1909f56bfc062723c751e8b465ee728b)  -> (artifact id: '1fb779eef01613f9935ba7365b55291d') in 0.008525 seconds 
========================================================================
Received Import Request.
  Time since last request: 6.691833 seconds.
  path: Assets/Resources/Creatures/Male Wizard.asset
  artifactKey: Guid(afced28180fd95b4ba770fa3b3d6bdaa) Importer(815301076,1909f56bfc062723c751e8b465ee728b)
Start importing Assets/Resources/Creatures/Male Wizard.asset using Guid(afced28180fd95b4ba770fa3b3d6bdaa) Importer(815301076,1909f56bfc062723c751e8b465ee728b)  -> (artifact id: '9f5bee7b06e3a7ce075895620987fdb6') in 0.029358 seconds 
========================================================================
Received Prepare
Registering precompiled user dll's ...
Registered in 0.004890 seconds.
Begin MonoManager ReloadAssembly
Native extension for WindowsStandalone target not found
Native extension for WebGL target not found
Refreshing native plugins compatible for Editor in 0.43 ms, found 2 plugins.
Preloading 0 native plugins for Editor in 0.00 ms.
Mono: successfully reloaded assembly
- Completed reload, in  1.027 seconds
Domain Reload Profiling:
	ReloadAssembly (1028ms)
		BeginReloadAssembly (126ms)
			ExecutionOrderSort (0ms)
			DisableScriptedObjects (6ms)
			BackupInstance (0ms)
			ReleaseScriptingObjects (0ms)
			CreateAndSetChildDomain (29ms)
		EndReloadAssembly (814ms)
			LoadAssemblies (76ms)
			RebuildTransferFunctionScriptingTraits (0ms)
			SetupTypeCache (183ms)
			ReleaseScriptCaches (1ms)
			RebuildScriptCaches (45ms)
			SetupLoadedEditorAssemblies (452ms)
				LogAssemblyErrors (0ms)
				InitializePlatformSupportModulesInManaged (18ms)
				SetLoadedEditorAssemblies (1ms)
				RefreshPlugins (0ms)
				BeforeProcessingInitializeOnLoad (60ms)
				ProcessInitializeOnLoadAttributes (337ms)
				ProcessInitializeOnLoadMethodAttributes (27ms)
				AfterProcessingInitializeOnLoad (9ms)
				EditorAssembliesLoaded (0ms)
			ExecutionOrderSort2 (0ms)
			AwakeInstancesAfterBackupRestoration (6ms)
Platform modules already initialized, skipping
Refreshing native plugins compatible for Editor in 0.54 ms, found 2 plugins.
Preloading 0 native plugins for Editor in 0.00 ms.
Unloading 2100 Unused Serialized files (Serialized files now loaded: 0)
Unloading 17 unused Assets / (95.3 KB). Loaded Objects now: 2610.
Memory consumption went from 92.5 MB to 92.4 MB.
Total: 2.683300 ms (FindLiveObjects: 0.276400 ms CreateObjectMapping: 0.176900 ms MarkObjects: 2.203200 ms  DeleteObjects: 0.026100 ms)

AssetImportParameters requested are different than current active one (requested -> active):
  custom:video-decoder-ogg-theora: a1e56fd34408186e4bbccfd4996cb3dc -> 
  custom:container-muxer-webm: aa71ff27fc2769a1b78a27578f13a17b -> 
  custom:container-demuxer-webm: 4f35f7cbe854078d1ac9338744f61a02 -> 
  custom:video-encoder-webm-vp8: eb34c28f22e8b96e1ab97ce403110664 -> 
  custom:audio-encoder-webm-vorbis: bf7c407c2cedff20999df2af8eb42d56 -> 
  custom:framework-win-MediaFoundation: 216162199b28c13a410421893ffa2e32 -> 
  custom:container-demuxer-ogg: 62fdf1f143b41e24485cea50d1cbac27 -> 
  custom:video-decoder-webm-vp8: 9c59270c3fd7afecdb556c50c9e8de78 -> 
  custom:audio-decoder-ogg-vorbis: bf7c407c2cedff20999df2af8eb42d56 -> 
========================================================================
Received Import Request.
  Time since last request: 44.572001 seconds.
  path: Assets/Resources/Enemies/Rat.asset
  artifactKey: Guid(d3c7c1d819f222248bc32e59abf9f517) Importer(815301076,1909f56bfc062723c751e8b465ee728b)
Start importing Assets/Resources/Enemies/Rat.asset using Guid(d3c7c1d819f222248bc32e59abf9f517) Importer(815301076,1909f56bfc062723c751e8b465ee728b)  -> (artifact id: '4fa07bc4cca786c983ddadf36361a569') in 0.271103 seconds 
========================================================================
Received Prepare
Registering precompiled user dll's ...
Registered in 0.003489 seconds.
Begin MonoManager ReloadAssembly
Native extension for WindowsStandalone target not found
Native extension for WebGL target not found
Refreshing native plugins compatible for Editor in 0.50 ms, found 2 plugins.
Preloading 0 native plugins for Editor in 0.00 ms.
Mono: successfully reloaded assembly
- Completed reload, in  0.950 seconds
Domain Reload Profiling:
	ReloadAssembly (950ms)
		BeginReloadAssembly (136ms)
			ExecutionOrderSort (0ms)
			DisableScriptedObjects (5ms)
			BackupInstance (0ms)
			ReleaseScriptingObjects (0ms)
			CreateAndSetChildDomain (33ms)
		EndReloadAssembly (727ms)
			LoadAssemblies (74ms)
			RebuildTransferFunctionScriptingTraits (0ms)
			SetupTypeCache (182ms)
			ReleaseScriptCaches (1ms)
			RebuildScriptCaches (42ms)
			SetupLoadedEditorAssemblies (376ms)
				LogAssemblyErrors (0ms)
				InitializePlatformSupportModulesInManaged (16ms)
				SetLoadedEditorAssemblies (0ms)
				RefreshPlugins (1ms)
				BeforeProcessingInitializeOnLoad (57ms)
				ProcessInitializeOnLoadAttributes (274ms)
				ProcessInitializeOnLoadMethodAttributes (20ms)
				AfterProcessingInitializeOnLoad (9ms)
				EditorAssembliesLoaded (0ms)
			ExecutionOrderSort2 (0ms)
			AwakeInstancesAfterBackupRestoration (5ms)
Platform modules already initialized, skipping
Refreshing native plugins compatible for Editor in 0.39 ms, found 2 plugins.
Preloading 0 native plugins for Editor in 0.00 ms.
Unloading 2099 Unused Serialized files (Serialized files now loaded: 0)
Unloading 18 unused Assets / (96.0 KB). Loaded Objects now: 2627.
Memory consumption went from 92.5 MB to 92.5 MB.
Total: 2.477700 ms (FindLiveObjects: 0.163200 ms CreateObjectMapping: 0.095800 ms MarkObjects: 2.188200 ms  DeleteObjects: 0.029700 ms)

AssetImportParameters requested are different than current active one (requested -> active):
  custom:video-decoder-ogg-theora: a1e56fd34408186e4bbccfd4996cb3dc -> 
  custom:container-muxer-webm: aa71ff27fc2769a1b78a27578f13a17b -> 
  custom:container-demuxer-webm: 4f35f7cbe854078d1ac9338744f61a02 -> 
  custom:video-encoder-webm-vp8: eb34c28f22e8b96e1ab97ce403110664 -> 
  custom:audio-encoder-webm-vorbis: bf7c407c2cedff20999df2af8eb42d56 -> 
  custom:framework-win-MediaFoundation: 216162199b28c13a410421893ffa2e32 -> 
  custom:container-demuxer-ogg: 62fdf1f143b41e24485cea50d1cbac27 -> 
  custom:video-decoder-webm-vp8: 9c59270c3fd7afecdb556c50c9e8de78 -> 
  custom:audio-decoder-ogg-vorbis: bf7c407c2cedff20999df2af8eb42d56 -> 
========================================================================
Received Prepare
Registering precompiled user dll's ...
Registered in 0.003912 seconds.
Begin MonoManager ReloadAssembly
Native extension for WindowsStandalone target not found
Native extension for WebGL target not found
Refreshing native plugins compatible for Editor in 0.51 ms, found 2 plugins.
Preloading 0 native plugins for Editor in 0.00 ms.
Mono: successfully reloaded assembly
- Completed reload, in  0.952 seconds
Domain Reload Profiling:
	ReloadAssembly (953ms)
		BeginReloadAssembly (130ms)
			ExecutionOrderSort (0ms)
			DisableScriptedObjects (5ms)
			BackupInstance (0ms)
			ReleaseScriptingObjects (0ms)
			CreateAndSetChildDomain (28ms)
		EndReloadAssembly (735ms)
			LoadAssemblies (83ms)
			RebuildTransferFunctionScriptingTraits (0ms)
			SetupTypeCache (179ms)
			ReleaseScriptCaches (1ms)
			RebuildScriptCaches (44ms)
			SetupLoadedEditorAssemblies (390ms)
				LogAssemblyErrors (0ms)
				InitializePlatformSupportModulesInManaged (16ms)
				SetLoadedEditorAssemblies (1ms)
				RefreshPlugins (1ms)
				BeforeProcessingInitializeOnLoad (63ms)
				ProcessInitializeOnLoadAttributes (280ms)
				ProcessInitializeOnLoadMethodAttributes (20ms)
				AfterProcessingInitializeOnLoad (9ms)
				EditorAssembliesLoaded (0ms)
			ExecutionOrderSort2 (0ms)
			AwakeInstancesAfterBackupRestoration (5ms)
Platform modules already initialized, skipping
Refreshing native plugins compatible for Editor in 0.44 ms, found 2 plugins.
Preloading 0 native plugins for Editor in 0.00 ms.
Unloading 2099 Unused Serialized files (Serialized files now loaded: 0)
Unloading 17 unused Assets / (95.3 KB). Loaded Objects now: 2641.
Memory consumption went from 92.6 MB to 92.5 MB.
Total: 2.589200 ms (FindLiveObjects: 0.179900 ms CreateObjectMapping: 0.075200 ms MarkObjects: 2.299200 ms  DeleteObjects: 0.034200 ms)

AssetImportParameters requested are different than current active one (requested -> active):
  custom:video-decoder-ogg-theora: a1e56fd34408186e4bbccfd4996cb3dc -> 
  custom:container-muxer-webm: aa71ff27fc2769a1b78a27578f13a17b -> 
  custom:container-demuxer-webm: 4f35f7cbe854078d1ac9338744f61a02 -> 
  custom:video-encoder-webm-vp8: eb34c28f22e8b96e1ab97ce403110664 -> 
  custom:audio-encoder-webm-vorbis: bf7c407c2cedff20999df2af8eb42d56 -> 
  custom:framework-win-MediaFoundation: 216162199b28c13a410421893ffa2e32 -> 
  custom:container-demuxer-ogg: 62fdf1f143b41e24485cea50d1cbac27 -> 
  custom:video-decoder-webm-vp8: 9c59270c3fd7afecdb556c50c9e8de78 -> 
  custom:audio-decoder-ogg-vorbis: bf7c407c2cedff20999df2af8eb42d56 -> 
========================================================================
Received Prepare
Registering precompiled user dll's ...
Registered in 0.005459 seconds.
Begin MonoManager ReloadAssembly
Native extension for WindowsStandalone target not found
Native extension for WebGL target not found
Refreshing native plugins compatible for Editor in 0.42 ms, found 2 plugins.
Preloading 0 native plugins for Editor in 0.00 ms.
Mono: successfully reloaded assembly
- Completed reload, in  1.010 seconds
Domain Reload Profiling:
	ReloadAssembly (1011ms)
		BeginReloadAssembly (122ms)
			ExecutionOrderSort (0ms)
			DisableScriptedObjects (4ms)
			BackupInstance (0ms)
			ReleaseScriptingObjects (0ms)
			CreateAndSetChildDomain (27ms)
		EndReloadAssembly (796ms)
			LoadAssemblies (71ms)
			RebuildTransferFunctionScriptingTraits (0ms)
			SetupTypeCache (177ms)
			ReleaseScriptCaches (1ms)
			RebuildScriptCaches (38ms)
			SetupLoadedEditorAssemblies (455ms)
				LogAssemblyErrors (0ms)
				InitializePlatformSupportModulesInManaged (18ms)
				SetLoadedEditorAssemblies (1ms)
				RefreshPlugins (1ms)
				BeforeProcessingInitializeOnLoad (61ms)
				ProcessInitializeOnLoadAttributes (337ms)
				ProcessInitializeOnLoadMethodAttributes (28ms)
				AfterProcessingInitializeOnLoad (11ms)
				EditorAssembliesLoaded (0ms)
			ExecutionOrderSort2 (0ms)
			AwakeInstancesAfterBackupRestoration (7ms)
Platform modules already initialized, skipping
Refreshing native plugins compatible for Editor in 0.42 ms, found 2 plugins.
Preloading 0 native plugins for Editor in 0.00 ms.
Unloading 2099 Unused Serialized files (Serialized files now loaded: 0)
Unloading 17 unused Assets / (95.3 KB). Loaded Objects now: 2655.
Memory consumption went from 92.6 MB to 92.5 MB.
Total: 4.003900 ms (FindLiveObjects: 0.199700 ms CreateObjectMapping: 0.144200 ms MarkObjects: 3.612400 ms  DeleteObjects: 0.046400 ms)

AssetImportParameters requested are different than current active one (requested -> active):
  custom:video-decoder-ogg-theora: a1e56fd34408186e4bbccfd4996cb3dc -> 
  custom:container-muxer-webm: aa71ff27fc2769a1b78a27578f13a17b -> 
  custom:container-demuxer-webm: 4f35f7cbe854078d1ac9338744f61a02 -> 
  custom:video-encoder-webm-vp8: eb34c28f22e8b96e1ab97ce403110664 -> 
  custom:audio-encoder-webm-vorbis: bf7c407c2cedff20999df2af8eb42d56 -> 
  custom:framework-win-MediaFoundation: 216162199b28c13a410421893ffa2e32 -> 
  custom:container-demuxer-ogg: 62fdf1f143b41e24485cea50d1cbac27 -> 
  custom:video-decoder-webm-vp8: 9c59270c3fd7afecdb556c50c9e8de78 -> 
  custom:audio-decoder-ogg-vorbis: bf7c407c2cedff20999df2af8eb42d56 -> 
========================================================================
Received Import Request.
  Time since last request: 362.073155 seconds.
  path: Assets/Resources/Prefabs/EnemyModels/Enemy.prefab
  artifactKey: Guid(c6d419bc0a252194ca20c9340a629c70) Importer(815301076,1909f56bfc062723c751e8b465ee728b)
Start importing Assets/Resources/Prefabs/EnemyModels/Enemy.prefab using Guid(c6d419bc0a252194ca20c9340a629c70) Importer(815301076,1909f56bfc062723c751e8b465ee728b)  -> (artifact id: 'a1390ed8bdae350e4deaf89851aa725d') in 0.152207 seconds 
========================================================================
Received Import Request.
  Time since last request: 176.589798 seconds.
  path: Assets/ThirdParty/Ultimate Animated Animals - July 2021/Blends
  artifactKey: Guid(b14c483c3f6e0d043a617f4b1702556a) Importer(815301076,1909f56bfc062723c751e8b465ee728b)
Start importing Assets/ThirdParty/Ultimate Animated Animals - July 2021/Blends using Guid(b14c483c3f6e0d043a617f4b1702556a) Importer(815301076,1909f56bfc062723c751e8b465ee728b)  -> (artifact id: 'ac5c476bcd9cfd3a4bc4f9f45097ec6e') in 0.006903 seconds 
========================================================================
Received Import Request.
  Time since last request: 1.255056 seconds.
  path: Assets/ThirdParty/Ultimate Animated Animals - July 2021/Blends/Horse.blend
  artifactKey: Guid(56655869bcc9762449e0cbfdb9bab9dc) Importer(815301076,1909f56bfc062723c751e8b465ee728b)
Start importing Assets/ThirdParty/Ultimate Animated Animals - July 2021/Blends/Horse.blend using Guid(56655869bcc9762449e0cbfdb9bab9dc) Importer(815301076,1909f56bfc062723c751e8b465ee728b)  -> (artifact id: '35517e0e8cb889794ba60e8da899dfdc') in 0.008045 seconds 
========================================================================
Received Import Request.
  Time since last request: 8.888074 seconds.
  path: Assets/ThirdParty/Ultimate Animated Animals - July 2021/FBX
  artifactKey: Guid(41753d92676c29d479880bfc8e760a79) Importer(815301076,1909f56bfc062723c751e8b465ee728b)
Start importing Assets/ThirdParty/Ultimate Animated Animals - July 2021/FBX using Guid(41753d92676c29d479880bfc8e760a79) Importer(815301076,1909f56bfc062723c751e8b465ee728b)  -> (artifact id: '20799f27d4b97440fb602ad62348943e') in 0.010025 seconds 
========================================================================
Received Import Request.
  Time since last request: 0.962643 seconds.
  path: Assets/ThirdParty/Ultimate Animated Animals - July 2021/FBX/Cow.fbx
  artifactKey: Guid(745b2fdea4b44474584310e3219ca27d) Importer(815301076,1909f56bfc062723c751e8b465ee728b)
Start importing Assets/ThirdParty/Ultimate Animated Animals - July 2021/FBX/Cow.fbx using Guid(745b2fdea4b44474584310e3219ca27d) Importer(815301076,1909f56bfc062723c751e8b465ee728b)  -> (artifact id: 'f55e413c038d8f673dce1d67c3c388dd') in 0.207239 seconds 
========================================================================
Received Import Request.
  Time since last request: 13.540877 seconds.
  path: Assets/ThirdParty/Ultimate Animated Animals - July 2021/FBX/Husky.fbx
  artifactKey: Guid(816a0a7d18081dd4cbf7b1cb34f246b3) Importer(815301076,1909f56bfc062723c751e8b465ee728b)
Start importing Assets/ThirdParty/Ultimate Animated Animals - July 2021/FBX/Husky.fbx using Guid(816a0a7d18081dd4cbf7b1cb34f246b3) Importer(815301076,1909f56bfc062723c751e8b465ee728b)  -> (artifact id: '69fcdecdf50ed0e321b1ed6a3700d001') in 0.046649 seconds 
========================================================================
Received Import Request.
  Time since last request: 1.630050 seconds.
  path: Assets/ThirdParty/Ultimate Animated Animals - July 2021/FBX/Wolf.fbx
  artifactKey: Guid(2d32c46d6f8e1f74cb5ac93d890c5553) Importer(815301076,1909f56bfc062723c751e8b465ee728b)
Start importing Assets/ThirdParty/Ultimate Animated Animals - July 2021/FBX/Wolf.fbx using Guid(2d32c46d6f8e1f74cb5ac93d890c5553) Importer(815301076,1909f56bfc062723c751e8b465ee728b)  -> (artifact id: 'd32c7be68d7bd57c1f0e880363b890f9') in 0.041114 seconds 
========================================================================
Received Import Request.
  Time since last request: 3.190574 seconds.
  path: Assets/ThirdParty/Ultimate Animated Animals - July 2021/OBJ/Donkey.obj
  artifactKey: Guid(bed2531a1d94858468e3ea1ff03f7725) Importer(815301076,1909f56bfc062723c751e8b465ee728b)
Start importing Assets/ThirdParty/Ultimate Animated Animals - July 2021/OBJ/Donkey.obj using Guid(bed2531a1d94858468e3ea1ff03f7725) Importer(815301076,1909f56bfc062723c751e8b465ee728b)  -> (artifact id: 'fe1d22c008e0553f57ba90a769cf3d98') in 0.049673 seconds 
========================================================================
Received Import Request.
  Time since last request: 51.476344 seconds.
  path: Assets/ThirdParty/PolygonFantasyCharacters/Textures/Polygon_Fantasy_Characters_Texture_03_A.png
  artifactKey: Guid(8015371ac118c2843a1c430d8a712548) Importer(815301076,1909f56bfc062723c751e8b465ee728b)
Start importing Assets/ThirdParty/PolygonFantasyCharacters/Textures/Polygon_Fantasy_Characters_Texture_03_A.png using Guid(8015371ac118c2843a1c430d8a712548) Importer(815301076,1909f56bfc062723c751e8b465ee728b)  -> (artifact id: '1196f3d89d4db3225bfd1d71db27758c') in 0.022602 seconds 
========================================================================
Received Import Request.
  Time since last request: 191.987608 seconds.
  path: Assets/ThirdParty/Ultimate Animated Animals - July 2021/FBX/Horse.fbx
  artifactKey: Guid(6fe0f5ec878931a4888e03f3d3e8ace4) Importer(815301076,1909f56bfc062723c751e8b465ee728b)
Start importing Assets/ThirdParty/Ultimate Animated Animals - July 2021/FBX/Horse.fbx using Guid(6fe0f5ec878931a4888e03f3d3e8ace4) Importer(815301076,1909f56bfc062723c751e8b465ee728b)  -> (artifact id: '65937154be33b34ca5e0470fe14f526a') in 0.058256 seconds 
========================================================================
Received Import Request.
  Time since last request: 78.362250 seconds.
  path: Assets/Resources/Prefabs/EnemyModels/Horse.prefab
  artifactKey: Guid(6ecf7906b0c0a4a4cb1d95663d966942) Importer(815301076,1909f56bfc062723c751e8b465ee728b)
Start importing Assets/Resources/Prefabs/EnemyModels/Horse.prefab using Guid(6ecf7906b0c0a4a4cb1d95663d966942) Importer(815301076,1909f56bfc062723c751e8b465ee728b)  -> (artifact id: 'c069267b0e5324f740e1a3b200de6fa9') in 0.015238 seconds 
========================================================================
Received Import Request.
  Time since last request: 25.250160 seconds.
  path: Assets/Resources/Prefabs/EnemyModels/Horse
  artifactKey: Guid(f70edb48c6d728c438a013f21201bb37) Importer(815301076,1909f56bfc062723c751e8b465ee728b)
Start importing Assets/Resources/Prefabs/EnemyModels/Horse using Guid(f70edb48c6d728c438a013f21201bb37) Importer(815301076,1909f56bfc062723c751e8b465ee728b)  -> (artifact id: '001732314809dfcdb1b6e32dc1563adb') in 0.002158 seconds 
========================================================================
Received Import Request.
  Time since last request: 37.821813 seconds.
  path: Assets/Resources/Prefabs/EnemyModels/Horse/AnimalArmature_Walk.anim
  artifactKey: Guid(7fec662f938705c4abb30af041e27c26) Importer(815301076,1909f56bfc062723c751e8b465ee728b)
Start importing Assets/Resources/Prefabs/EnemyModels/Horse/AnimalArmature_Walk.anim using Guid(7fec662f938705c4abb30af041e27c26) Importer(815301076,1909f56bfc062723c751e8b465ee728b)  -> (artifact id: '5eb9245e9a65999b448256cf17d59725') in 0.011927 seconds 
========================================================================
Received Import Request.
  Time since last request: 1.218985 seconds.
  path: Assets/Resources/Prefabs/EnemyModels/Horse/AnimalArmature_Attack_Headbutt.anim
  artifactKey: Guid(24f702fae05e26b439264bb02f1398c1) Importer(815301076,1909f56bfc062723c751e8b465ee728b)
Start importing Assets/Resources/Prefabs/EnemyModels/Horse/AnimalArmature_Attack_Headbutt.anim using Guid(24f702fae05e26b439264bb02f1398c1) Importer(815301076,1909f56bfc062723c751e8b465ee728b)  -> (artifact id: '236f030ddde21a997089066184de9ac9') in 0.019419 seconds 
========================================================================
Received Import Request.
  Time since last request: 3.491401 seconds.
  path: Assets/Resources/Prefabs/EnemyModels/Horse/Horse.anim
  artifactKey: Guid(cee8267d471075541bb645a42d14745a) Importer(815301076,1909f56bfc062723c751e8b465ee728b)
Start importing Assets/Resources/Prefabs/EnemyModels/Horse/Horse.anim using Guid(cee8267d471075541bb645a42d14745a) Importer(815301076,1909f56bfc062723c751e8b465ee728b)  -> (artifact id: '031131339ccb244db0270493e0405093') in 0.002480 seconds 
========================================================================
Received Import Request.
  Time since last request: 24.792245 seconds.
  path: Assets/Resources/Prefabs/EnemyModels/Horse/AnimalArmature_Idle_2.anim
  artifactKey: Guid(c700562a34a54fe488905faa199e4701) Importer(815301076,1909f56bfc062723c751e8b465ee728b)
Start importing Assets/Resources/Prefabs/EnemyModels/Horse/AnimalArmature_Idle_2.anim using Guid(c700562a34a54fe488905faa199e4701) Importer(815301076,1909f56bfc062723c751e8b465ee728b)  -> (artifact id: '3a8e1314148cacd42c71d841dadba0a4') in 0.008528 seconds 
========================================================================
Received Import Request.
  Time since last request: 18.003945 seconds.
  path: Assets/Resources/Prefabs/EnemyModels/Horse/AnimalArmature_Eating.anim
  artifactKey: Guid(8658db1542659fa4a8ff970b7771674e) Importer(815301076,1909f56bfc062723c751e8b465ee728b)
Start importing Assets/Resources/Prefabs/EnemyModels/Horse/AnimalArmature_Eating.anim using Guid(8658db1542659fa4a8ff970b7771674e) Importer(815301076,1909f56bfc062723c751e8b465ee728b)  -> (artifact id: '826575da0eba430b2b22efd35a8df1e2') in 0.010057 seconds 
========================================================================
Received Import Request.
  Time since last request: 6.579061 seconds.
  path: Assets/Resources/Prefabs/EnemyModels/Horse/AnimalArmature.controller
  artifactKey: Guid(4c61bd21e0905944f9375881f214fc8e) Importer(815301076,1909f56bfc062723c751e8b465ee728b)
Start importing Assets/Resources/Prefabs/EnemyModels/Horse/AnimalArmature.controller using Guid(4c61bd21e0905944f9375881f214fc8e) Importer(815301076,1909f56bfc062723c751e8b465ee728b)  -> (artifact id: '6256a34920f996017497a882850950e1') in 0.008223 seconds 
========================================================================
Received Import Request.
  Time since last request: 12.136208 seconds.
  path: Assets/Resources/Prefabs/EnemyModels/Horse/AnimalArmature_Attack_Kick.anim
  artifactKey: Guid(92dd76e97fff2a44a8d993c89d68c137) Importer(815301076,1909f56bfc062723c751e8b465ee728b)
Start importing Assets/Resources/Prefabs/EnemyModels/Horse/AnimalArmature_Attack_Kick.anim using Guid(92dd76e97fff2a44a8d993c89d68c137) Importer(815301076,1909f56bfc062723c751e8b465ee728b)  -> (artifact id: 'b52d44b585a4af0b9d0744480a32490d') in 0.011297 seconds 
========================================================================
Received Import Request.
  Time since last request: 174.839081 seconds.
  path: Assets/Resources/Enemies/Horse.asset
  artifactKey: Guid(142d1552b8186b34ab4571b6c06e6e8b) Importer(815301076,1909f56bfc062723c751e8b465ee728b)
Start importing Assets/Resources/Enemies/Horse.asset using Guid(142d1552b8186b34ab4571b6c06e6e8b) Importer(815301076,1909f56bfc062723c751e8b465ee728b)  -> (artifact id: '10bb2bdd99eefafbc5b5c18325c20a18') in 0.002833 seconds 
========================================================================
Received Import Request.
  Time since last request: 12.917619 seconds.
  path: Assets/Resources/MoveClasses/Checker.asset
  artifactKey: Guid(4d62f00f94d59b6428f7a3f79408043a) Importer(815301076,1909f56bfc062723c751e8b465ee728b)
Start importing Assets/Resources/MoveClasses/Checker.asset using Guid(4d62f00f94d59b6428f7a3f79408043a) Importer(815301076,1909f56bfc062723c751e8b465ee728b)  -> (artifact id: '277fd32d5e31e3c9c72acb7e025ae7e8') in 0.005142 seconds 
========================================================================
Received Import Request.
  Time since last request: 0.000013 seconds.
  path: Assets/Resources/MoveClasses/Knight.asset
  artifactKey: Guid(ac8af4f829f5d8d4f9202c67b63551bc) Importer(815301076,1909f56bfc062723c751e8b465ee728b)
Start importing Assets/Resources/MoveClasses/Knight.asset using Guid(ac8af4f829f5d8d4f9202c67b63551bc) Importer(815301076,1909f56bfc062723c751e8b465ee728b)  -> (artifact id: 'e65840123b97735cf15f32183f9f09db') in 0.035701 seconds 
========================================================================
Received Import Request.
  Time since last request: 0.000018 seconds.
  path: Assets/Resources/MoveClasses/King.asset
  artifactKey: Guid(a52f75e2b9cb5574c937561cc1af2d36) Importer(815301076,1909f56bfc062723c751e8b465ee728b)
Start importing Assets/Resources/MoveClasses/King.asset using Guid(a52f75e2b9cb5574c937561cc1af2d36) Importer(815301076,1909f56bfc062723c751e8b465ee728b)  -> (artifact id: '4c791ec5810143d439b2a36b45d637c5') in 0.005590 seconds 
========================================================================
Received Import Request.
  Time since last request: 111.062988 seconds.
  path: Assets/Resources/Sprites/Character Portraits/201.png
  artifactKey: Guid(0f7b5a238fab27442b84beb874644d05) Importer(815301076,1909f56bfc062723c751e8b465ee728b)
Start importing Assets/Resources/Sprites/Character Portraits/201.png using Guid(0f7b5a238fab27442b84beb874644d05) Importer(815301076,1909f56bfc062723c751e8b465ee728b)  -> (artifact id: 'bba8bced04588d534785753f8dd7d455') in 0.012366 seconds 
========================================================================
Received Import Request.
  Time since last request: 3.263014 seconds.
  path: Assets/Resources/Sprites/Character Portraits/Stab.png
  artifactKey: Guid(0f7b5a238fab27442b84beb874644d05) Importer(815301076,1909f56bfc062723c751e8b465ee728b)
Start importing Assets/Resources/Sprites/Character Portraits/Stab.png using Guid(0f7b5a238fab27442b84beb874644d05) Importer(815301076,1909f56bfc062723c751e8b465ee728b)  -> (artifact id: '1ed3cea26074b264c94b82b7f4a6f573') in 0.009864 seconds 
========================================================================
Received Import Request.
  Time since last request: 5.883071 seconds.
  path: Assets/Resources/Sprites/Character Portraits/Stab.png
  artifactKey: Guid(0f7b5a238fab27442b84beb874644d05) Importer(815301076,1909f56bfc062723c751e8b465ee728b)
Start importing Assets/Resources/Sprites/Character Portraits/Stab.png using Guid(0f7b5a238fab27442b84beb874644d05) Importer(815301076,1909f56bfc062723c751e8b465ee728b)  -> (artifact id: '6520014ed041af9fb702ec53bae3b773') in 0.024813 seconds 
========================================================================
Received Import Request.
  Time since last request: 49.045982 seconds.
  path: Assets/Resources/Enemies/Horse.asset
  artifactKey: Guid(142d1552b8186b34ab4571b6c06e6e8b) Importer(815301076,1909f56bfc062723c751e8b465ee728b)
Start importing Assets/Resources/Enemies/Horse.asset using Guid(142d1552b8186b34ab4571b6c06e6e8b) Importer(815301076,1909f56bfc062723c751e8b465ee728b)  -> (artifact id: 'b3189ac731b4e295d0234720ad5457ee') in 0.004777 seconds 
========================================================================
Received Prepare
Registering precompiled user dll's ...
Registered in 0.003810 seconds.
Begin MonoManager ReloadAssembly
Native extension for WindowsStandalone target not found
Native extension for WebGL target not found
Refreshing native plugins compatible for Editor in 0.36 ms, found 2 plugins.
Preloading 0 native plugins for Editor in 0.00 ms.
Mono: successfully reloaded assembly
- Completed reload, in  1.005 seconds
Domain Reload Profiling:
	ReloadAssembly (1006ms)
		BeginReloadAssembly (136ms)
			ExecutionOrderSort (0ms)
			DisableScriptedObjects (4ms)
			BackupInstance (0ms)
			ReleaseScriptingObjects (0ms)
			CreateAndSetChildDomain (34ms)
		EndReloadAssembly (770ms)
			LoadAssemblies (74ms)
			RebuildTransferFunctionScriptingTraits (0ms)
			SetupTypeCache (196ms)
			ReleaseScriptCaches (1ms)
			RebuildScriptCaches (42ms)
			SetupLoadedEditorAssemblies (403ms)
				LogAssemblyErrors (0ms)
				InitializePlatformSupportModulesInManaged (16ms)
				SetLoadedEditorAssemblies (0ms)
				RefreshPlugins (0ms)
				BeforeProcessingInitializeOnLoad (56ms)
				ProcessInitializeOnLoadAttributes (294ms)
				ProcessInitializeOnLoadMethodAttributes (26ms)
				AfterProcessingInitializeOnLoad (9ms)
				EditorAssembliesLoaded (0ms)
			ExecutionOrderSort2 (0ms)
			AwakeInstancesAfterBackupRestoration (11ms)
Platform modules already initialized, skipping
Refreshing native plugins compatible for Editor in 0.52 ms, found 2 plugins.
Preloading 0 native plugins for Editor in 0.00 ms.
Unloading 2101 Unused Serialized files (Serialized files now loaded: 0)
Unloading 19 unused Assets / (96.2 KB). Loaded Objects now: 2773.
Memory consumption went from 111.7 MB to 111.6 MB.
Total: 2.716500 ms (FindLiveObjects: 0.176900 ms CreateObjectMapping: 0.099400 ms MarkObjects: 2.343800 ms  DeleteObjects: 0.095400 ms)

AssetImportParameters requested are different than current active one (requested -> active):
  custom:video-decoder-ogg-theora: a1e56fd34408186e4bbccfd4996cb3dc -> 
  custom:container-muxer-webm: aa71ff27fc2769a1b78a27578f13a17b -> 
  custom:container-demuxer-webm: 4f35f7cbe854078d1ac9338744f61a02 -> 
  custom:video-encoder-webm-vp8: eb34c28f22e8b96e1ab97ce403110664 -> 
  custom:audio-encoder-webm-vorbis: bf7c407c2cedff20999df2af8eb42d56 -> 
  custom:framework-win-MediaFoundation: 216162199b28c13a410421893ffa2e32 -> 
  custom:container-demuxer-ogg: 62fdf1f143b41e24485cea50d1cbac27 -> 
  custom:video-decoder-webm-vp8: 9c59270c3fd7afecdb556c50c9e8de78 -> 
  custom:audio-decoder-ogg-vorbis: bf7c407c2cedff20999df2af8eb42d56 -> 
========================================================================
Received Prepare
Registering precompiled user dll's ...
Registered in 0.003843 seconds.
Begin MonoManager ReloadAssembly
Native extension for WindowsStandalone target not found
Native extension for WebGL target not found
Refreshing native plugins compatible for Editor in 0.54 ms, found 2 plugins.
Preloading 0 native plugins for Editor in 0.00 ms.
Mono: successfully reloaded assembly
- Completed reload, in  1.058 seconds
Domain Reload Profiling:
	ReloadAssembly (1059ms)
		BeginReloadAssembly (132ms)
			ExecutionOrderSort (0ms)
			DisableScriptedObjects (5ms)
			BackupInstance (0ms)
			ReleaseScriptingObjects (0ms)
			CreateAndSetChildDomain (31ms)
		EndReloadAssembly (830ms)
			LoadAssemblies (77ms)
			RebuildTransferFunctionScriptingTraits (0ms)
			SetupTypeCache (178ms)
			ReleaseScriptCaches (1ms)
			RebuildScriptCaches (45ms)
			SetupLoadedEditorAssemblies (463ms)
				LogAssemblyErrors (0ms)
				InitializePlatformSupportModulesInManaged (17ms)
				SetLoadedEditorAssemblies (1ms)
				RefreshPlugins (1ms)
				BeforeProcessingInitializeOnLoad (62ms)
				ProcessInitializeOnLoadAttributes (346ms)
				ProcessInitializeOnLoadMethodAttributes (27ms)
				AfterProcessingInitializeOnLoad (10ms)
				EditorAssembliesLoaded (0ms)
			ExecutionOrderSort2 (0ms)
			AwakeInstancesAfterBackupRestoration (14ms)
Platform modules already initialized, skipping
Refreshing native plugins compatible for Editor in 0.46 ms, found 2 plugins.
Preloading 0 native plugins for Editor in 0.00 ms.
Unloading 2099 Unused Serialized files (Serialized files now loaded: 0)
Unloading 17 unused Assets / (95.4 KB). Loaded Objects now: 2787.
Memory consumption went from 111.7 MB to 111.6 MB.
Total: 3.226000 ms (FindLiveObjects: 0.201200 ms CreateObjectMapping: 0.125500 ms MarkObjects: 2.856000 ms  DeleteObjects: 0.042400 ms)

AssetImportParameters requested are different than current active one (requested -> active):
  custom:video-decoder-ogg-theora: a1e56fd34408186e4bbccfd4996cb3dc -> 
  custom:container-muxer-webm: aa71ff27fc2769a1b78a27578f13a17b -> 
  custom:container-demuxer-webm: 4f35f7cbe854078d1ac9338744f61a02 -> 
  custom:video-encoder-webm-vp8: eb34c28f22e8b96e1ab97ce403110664 -> 
  custom:audio-encoder-webm-vorbis: bf7c407c2cedff20999df2af8eb42d56 -> 
  custom:framework-win-MediaFoundation: 216162199b28c13a410421893ffa2e32 -> 
  custom:container-demuxer-ogg: 62fdf1f143b41e24485cea50d1cbac27 -> 
  custom:video-decoder-webm-vp8: 9c59270c3fd7afecdb556c50c9e8de78 -> 
  custom:audio-decoder-ogg-vorbis: bf7c407c2cedff20999df2af8eb42d56 -> 
========================================================================
Received Prepare
Registering precompiled user dll's ...
Registered in 0.003632 seconds.
Begin MonoManager ReloadAssembly
Native extension for WindowsStandalone target not found
Native extension for WebGL target not found
Refreshing native plugins compatible for Editor in 0.38 ms, found 2 plugins.
Preloading 0 native plugins for Editor in 0.00 ms.
Mono: successfully reloaded assembly
- Completed reload, in  1.053 seconds
Domain Reload Profiling:
	ReloadAssembly (1054ms)
		BeginReloadAssembly (135ms)
			ExecutionOrderSort (0ms)
			DisableScriptedObjects (9ms)
			BackupInstance (0ms)
			ReleaseScriptingObjects (0ms)
			CreateAndSetChildDomain (29ms)
		EndReloadAssembly (820ms)
			LoadAssemblies (77ms)
			RebuildTransferFunctionScriptingTraits (0ms)
			SetupTypeCache (202ms)
			ReleaseScriptCaches (1ms)
			RebuildScriptCaches (42ms)
			SetupLoadedEditorAssemblies (442ms)
				LogAssemblyErrors (0ms)
				InitializePlatformSupportModulesInManaged (17ms)
				SetLoadedEditorAssemblies (1ms)
				RefreshPlugins (0ms)
				BeforeProcessingInitializeOnLoad (56ms)
				ProcessInitializeOnLoadAttributes (328ms)
				ProcessInitializeOnLoadMethodAttributes (27ms)
				AfterProcessingInitializeOnLoad (12ms)
				EditorAssembliesLoaded (0ms)
			ExecutionOrderSort2 (0ms)
			AwakeInstancesAfterBackupRestoration (15ms)
Platform modules already initialized, skipping
Refreshing native plugins compatible for Editor in 0.51 ms, found 2 plugins.
Preloading 0 native plugins for Editor in 0.00 ms.
Unloading 2099 Unused Serialized files (Serialized files now loaded: 0)
Unloading 17 unused Assets / (95.4 KB). Loaded Objects now: 2801.
Memory consumption went from 111.7 MB to 111.7 MB.
Total: 2.794800 ms (FindLiveObjects: 0.240100 ms CreateObjectMapping: 0.112100 ms MarkObjects: 2.416700 ms  DeleteObjects: 0.024800 ms)

AssetImportParameters requested are different than current active one (requested -> active):
  custom:video-decoder-ogg-theora: a1e56fd34408186e4bbccfd4996cb3dc -> 
  custom:container-muxer-webm: aa71ff27fc2769a1b78a27578f13a17b -> 
  custom:container-demuxer-webm: 4f35f7cbe854078d1ac9338744f61a02 -> 
  custom:video-encoder-webm-vp8: eb34c28f22e8b96e1ab97ce403110664 -> 
  custom:audio-encoder-webm-vorbis: bf7c407c2cedff20999df2af8eb42d56 -> 
  custom:framework-win-MediaFoundation: 216162199b28c13a410421893ffa2e32 -> 
  custom:container-demuxer-ogg: 62fdf1f143b41e24485cea50d1cbac27 -> 
  custom:video-decoder-webm-vp8: 9c59270c3fd7afecdb556c50c9e8de78 -> 
  custom:audio-decoder-ogg-vorbis: bf7c407c2cedff20999df2af8eb42d56 -> 
========================================================================
Received Prepare
Registering precompiled user dll's ...
Registered in 0.003511 seconds.
Begin MonoManager ReloadAssembly
Native extension for WindowsStandalone target not found
Native extension for WebGL target not found
Refreshing native plugins compatible for Editor in 0.41 ms, found 2 plugins.
Preloading 0 native plugins for Editor in 0.00 ms.
Mono: successfully reloaded assembly
- Completed reload, in  1.013 seconds
Domain Reload Profiling:
	ReloadAssembly (1014ms)
		BeginReloadAssembly (122ms)
			ExecutionOrderSort (0ms)
			DisableScriptedObjects (5ms)
			BackupInstance (0ms)
			ReleaseScriptingObjects (0ms)
			CreateAndSetChildDomain (27ms)
		EndReloadAssembly (801ms)
			LoadAssemblies (68ms)
			RebuildTransferFunctionScriptingTraits (0ms)
			SetupTypeCache (171ms)
			ReleaseScriptCaches (1ms)
			RebuildScriptCaches (50ms)
			SetupLoadedEditorAssemblies (445ms)
				LogAssemblyErrors (0ms)
				InitializePlatformSupportModulesInManaged (19ms)
				SetLoadedEditorAssemblies (1ms)
				RefreshPlugins (0ms)
				BeforeProcessingInitializeOnLoad (57ms)
				ProcessInitializeOnLoadAttributes (327ms)
				ProcessInitializeOnLoadMethodAttributes (31ms)
				AfterProcessingInitializeOnLoad (11ms)
				EditorAssembliesLoaded (0ms)
			ExecutionOrderSort2 (0ms)
			AwakeInstancesAfterBackupRestoration (13ms)
Platform modules already initialized, skipping
Refreshing native plugins compatible for Editor in 0.55 ms, found 2 plugins.
Preloading 0 native plugins for Editor in 0.00 ms.
Unloading 2099 Unused Serialized files (Serialized files now loaded: 0)
Unloading 17 unused Assets / (95.3 KB). Loaded Objects now: 2815.
Memory consumption went from 111.8 MB to 111.7 MB.
Total: 3.185600 ms (FindLiveObjects: 0.280400 ms CreateObjectMapping: 0.202000 ms MarkObjects: 2.663300 ms  DeleteObjects: 0.039300 ms)

AssetImportParameters requested are different than current active one (requested -> active):
  custom:video-decoder-ogg-theora: a1e56fd34408186e4bbccfd4996cb3dc -> 
  custom:container-muxer-webm: aa71ff27fc2769a1b78a27578f13a17b -> 
  custom:container-demuxer-webm: 4f35f7cbe854078d1ac9338744f61a02 -> 
  custom:video-encoder-webm-vp8: eb34c28f22e8b96e1ab97ce403110664 -> 
  custom:audio-encoder-webm-vorbis: bf7c407c2cedff20999df2af8eb42d56 -> 
  custom:framework-win-MediaFoundation: 216162199b28c13a410421893ffa2e32 -> 
  custom:container-demuxer-ogg: 62fdf1f143b41e24485cea50d1cbac27 -> 
  custom:video-decoder-webm-vp8: 9c59270c3fd7afecdb556c50c9e8de78 -> 
  custom:audio-decoder-ogg-vorbis: bf7c407c2cedff20999df2af8eb42d56 -> 
========================================================================
Received Prepare
Registering precompiled user dll's ...
Registered in 0.004126 seconds.
Begin MonoManager ReloadAssembly
Native extension for WindowsStandalone target not found
Native extension for WebGL target not found
Refreshing native plugins compatible for Editor in 0.63 ms, found 2 plugins.
Preloading 0 native plugins for Editor in 0.00 ms.
Mono: successfully reloaded assembly
- Completed reload, in  0.988 seconds
Domain Reload Profiling:
	ReloadAssembly (989ms)
		BeginReloadAssembly (130ms)
			ExecutionOrderSort (0ms)
			DisableScriptedObjects (5ms)
			BackupInstance (0ms)
			ReleaseScriptingObjects (0ms)
			CreateAndSetChildDomain (28ms)
		EndReloadAssembly (763ms)
			LoadAssemblies (73ms)
			RebuildTransferFunctionScriptingTraits (0ms)
			SetupTypeCache (193ms)
			ReleaseScriptCaches (1ms)
			RebuildScriptCaches (50ms)
			SetupLoadedEditorAssemblies (400ms)
				LogAssemblyErrors (0ms)
				InitializePlatformSupportModulesInManaged (15ms)
				SetLoadedEditorAssemblies (1ms)
				RefreshPlugins (1ms)
				BeforeProcessingInitializeOnLoad (56ms)
				ProcessInitializeOnLoadAttributes (299ms)
				ProcessInitializeOnLoadMethodAttributes (19ms)
				AfterProcessingInitializeOnLoad (9ms)
				EditorAssembliesLoaded (0ms)
			ExecutionOrderSort2 (0ms)
			AwakeInstancesAfterBackupRestoration (10ms)
Platform modules already initialized, skipping
Refreshing native plugins compatible for Editor in 0.40 ms, found 2 plugins.
Preloading 0 native plugins for Editor in 0.00 ms.
Unloading 2099 Unused Serialized files (Serialized files now loaded: 0)
Unloading 17 unused Assets / (95.3 KB). Loaded Objects now: 2829.
Memory consumption went from 111.8 MB to 111.7 MB.
Total: 2.908300 ms (FindLiveObjects: 0.191300 ms CreateObjectMapping: 0.108000 ms MarkObjects: 2.543700 ms  DeleteObjects: 0.064600 ms)

AssetImportParameters requested are different than current active one (requested -> active):
  custom:video-decoder-ogg-theora: a1e56fd34408186e4bbccfd4996cb3dc -> 
  custom:container-muxer-webm: aa71ff27fc2769a1b78a27578f13a17b -> 
  custom:container-demuxer-webm: 4f35f7cbe854078d1ac9338744f61a02 -> 
  custom:video-encoder-webm-vp8: eb34c28f22e8b96e1ab97ce403110664 -> 
  custom:audio-encoder-webm-vorbis: bf7c407c2cedff20999df2af8eb42d56 -> 
  custom:framework-win-MediaFoundation: 216162199b28c13a410421893ffa2e32 -> 
  custom:container-demuxer-ogg: 62fdf1f143b41e24485cea50d1cbac27 -> 
  custom:video-decoder-webm-vp8: 9c59270c3fd7afecdb556c50c9e8de78 -> 
  custom:audio-decoder-ogg-vorbis: bf7c407c2cedff20999df2af8eb42d56 -> 
========================================================================
Received Prepare
Registering precompiled user dll's ...
Registered in 0.004639 seconds.
Begin MonoManager ReloadAssembly
Native extension for WindowsStandalone target not found
Native extension for WebGL target not found
Refreshing native plugins compatible for Editor in 0.41 ms, found 2 plugins.
Preloading 0 native plugins for Editor in 0.00 ms.
Mono: successfully reloaded assembly
- Completed reload, in  0.912 seconds
Domain Reload Profiling:
	ReloadAssembly (913ms)
		BeginReloadAssembly (128ms)
			ExecutionOrderSort (0ms)
			DisableScriptedObjects (6ms)
			BackupInstance (0ms)
			ReleaseScriptingObjects (0ms)
			CreateAndSetChildDomain (26ms)
		EndReloadAssembly (691ms)
			LoadAssemblies (72ms)
			RebuildTransferFunctionScriptingTraits (0ms)
			SetupTypeCache (163ms)
			ReleaseScriptCaches (1ms)
			RebuildScriptCaches (40ms)
			SetupLoadedEditorAssemblies (369ms)
				LogAssemblyErrors (0ms)
				InitializePlatformSupportModulesInManaged (14ms)
				SetLoadedEditorAssemblies (0ms)
				RefreshPlugins (0ms)
				BeforeProcessingInitializeOnLoad (45ms)
				ProcessInitializeOnLoadAttributes (275ms)
				ProcessInitializeOnLoadMethodAttributes (22ms)
				AfterProcessingInitializeOnLoad (10ms)
				EditorAssembliesLoaded (0ms)
			ExecutionOrderSort2 (0ms)
			AwakeInstancesAfterBackupRestoration (12ms)
Platform modules already initialized, skipping
Refreshing native plugins compatible for Editor in 0.40 ms, found 2 plugins.
Preloading 0 native plugins for Editor in 0.00 ms.
Unloading 2099 Unused Serialized files (Serialized files now loaded: 0)
Unloading 17 unused Assets / (95.4 KB). Loaded Objects now: 2843.
Memory consumption went from 111.8 MB to 111.7 MB.
Total: 2.439300 ms (FindLiveObjects: 0.221000 ms CreateObjectMapping: 0.113200 ms MarkObjects: 2.077100 ms  DeleteObjects: 0.026800 ms)

AssetImportParameters requested are different than current active one (requested -> active):
  custom:video-decoder-ogg-theora: a1e56fd34408186e4bbccfd4996cb3dc -> 
  custom:container-muxer-webm: aa71ff27fc2769a1b78a27578f13a17b -> 
  custom:container-demuxer-webm: 4f35f7cbe854078d1ac9338744f61a02 -> 
  custom:video-encoder-webm-vp8: eb34c28f22e8b96e1ab97ce403110664 -> 
  custom:audio-encoder-webm-vorbis: bf7c407c2cedff20999df2af8eb42d56 -> 
  custom:framework-win-MediaFoundation: 216162199b28c13a410421893ffa2e32 -> 
  custom:container-demuxer-ogg: 62fdf1f143b41e24485cea50d1cbac27 -> 
  custom:video-decoder-webm-vp8: 9c59270c3fd7afecdb556c50c9e8de78 -> 
  custom:audio-decoder-ogg-vorbis: bf7c407c2cedff20999df2af8eb42d56 -> 
========================================================================
Received Prepare
Registering precompiled user dll's ...
Registered in 0.004032 seconds.
Begin MonoManager ReloadAssembly
Native extension for WindowsStandalone target not found
Native extension for WebGL target not found
Refreshing native plugins compatible for Editor in 0.55 ms, found 2 plugins.
Preloading 0 native plugins for Editor in 0.00 ms.
Mono: successfully reloaded assembly
- Completed reload, in  0.994 seconds
Domain Reload Profiling:
	ReloadAssembly (995ms)
		BeginReloadAssembly (120ms)
			ExecutionOrderSort (0ms)
			DisableScriptedObjects (5ms)
			BackupInstance (0ms)
			ReleaseScriptingObjects (0ms)
			CreateAndSetChildDomain (29ms)
		EndReloadAssembly (781ms)
			LoadAssemblies (73ms)
			RebuildTransferFunctionScriptingTraits (0ms)
			SetupTypeCache (165ms)
			ReleaseScriptCaches (1ms)
			RebuildScriptCaches (43ms)
			SetupLoadedEditorAssemblies (445ms)
				LogAssemblyErrors (0ms)
				InitializePlatformSupportModulesInManaged (18ms)
				SetLoadedEditorAssemblies (1ms)
				RefreshPlugins (1ms)
				BeforeProcessingInitializeOnLoad (56ms)
				ProcessInitializeOnLoadAttributes (331ms)
				ProcessInitializeOnLoadMethodAttributes (27ms)
				AfterProcessingInitializeOnLoad (11ms)
				EditorAssembliesLoaded (0ms)
			ExecutionOrderSort2 (0ms)
			AwakeInstancesAfterBackupRestoration (14ms)
Platform modules already initialized, skipping
Refreshing native plugins compatible for Editor in 0.40 ms, found 2 plugins.
Preloading 0 native plugins for Editor in 0.00 ms.
Unloading 2099 Unused Serialized files (Serialized files now loaded: 0)
Unloading 17 unused Assets / (95.4 KB). Loaded Objects now: 2857.
Memory consumption went from 111.9 MB to 111.8 MB.
Total: 2.645600 ms (FindLiveObjects: 0.210600 ms CreateObjectMapping: 0.127000 ms MarkObjects: 2.279400 ms  DeleteObjects: 0.027600 ms)

AssetImportParameters requested are different than current active one (requested -> active):
  custom:video-decoder-ogg-theora: a1e56fd34408186e4bbccfd4996cb3dc -> 
  custom:container-muxer-webm: aa71ff27fc2769a1b78a27578f13a17b -> 
  custom:container-demuxer-webm: 4f35f7cbe854078d1ac9338744f61a02 -> 
  custom:video-encoder-webm-vp8: eb34c28f22e8b96e1ab97ce403110664 -> 
  custom:audio-encoder-webm-vorbis: bf7c407c2cedff20999df2af8eb42d56 -> 
  custom:framework-win-MediaFoundation: 216162199b28c13a410421893ffa2e32 -> 
  custom:container-demuxer-ogg: 62fdf1f143b41e24485cea50d1cbac27 -> 
  custom:video-decoder-webm-vp8: 9c59270c3fd7afecdb556c50c9e8de78 -> 
  custom:audio-decoder-ogg-vorbis: bf7c407c2cedff20999df2af8eb42d56 -> 
========================================================================
Received Import Request.
  Time since last request: 261.496337 seconds.
  path: Assets/Resources/ActionClasses/Bite.asset
  artifactKey: Guid(3538cc11186ace64a99f48222c519214) Importer(815301076,1909f56bfc062723c751e8b465ee728b)
Start importing Assets/Resources/ActionClasses/Bite.asset using Guid(3538cc11186ace64a99f48222c519214) Importer(815301076,1909f56bfc062723c751e8b465ee728b)  -> (artifact id: 'c21c2e9a29c2389cfdd2826aaf83aa3d') in 0.154684 seconds 
========================================================================
Received Import Request.
  Time since last request: 0.000017 seconds.
  path: Assets/Resources/ActionClasses/Spit.asset
  artifactKey: Guid(3aa8e29469e58e5419e259c098817061) Importer(815301076,1909f56bfc062723c751e8b465ee728b)
Start importing Assets/Resources/ActionClasses/Spit.asset using Guid(3aa8e29469e58e5419e259c098817061) Importer(815301076,1909f56bfc062723c751e8b465ee728b)  -> (artifact id: 'f911ad22abc3f49d7b8d66a71ae0a132') in 0.083758 seconds 
========================================================================
Received Import Request.
  Time since last request: 16.302128 seconds.
  path: Assets/Resources/Prefabs/EnemyModels/Horse/Horse.prefab
  artifactKey: Guid(6ecf7906b0c0a4a4cb1d95663d966942) Importer(815301076,1909f56bfc062723c751e8b465ee728b)
Start importing Assets/Resources/Prefabs/EnemyModels/Horse/Horse.prefab using Guid(6ecf7906b0c0a4a4cb1d95663d966942) Importer(815301076,1909f56bfc062723c751e8b465ee728b)  -> (artifact id: 'eea21b91ec4576d776f95525e986581c') in 0.052477 seconds 
========================================================================
Received Prepare
Registering precompiled user dll's ...
Registered in 0.003815 seconds.
Begin MonoManager ReloadAssembly
Native extension for WindowsStandalone target not found
Native extension for WebGL target not found
Refreshing native plugins compatible for Editor in 0.67 ms, found 2 plugins.
Preloading 0 native plugins for Editor in 0.00 ms.
Mono: successfully reloaded assembly
- Completed reload, in  1.026 seconds
Domain Reload Profiling:
	ReloadAssembly (1027ms)
		BeginReloadAssembly (128ms)
			ExecutionOrderSort (0ms)
			DisableScriptedObjects (5ms)
			BackupInstance (0ms)
			ReleaseScriptingObjects (0ms)
			CreateAndSetChildDomain (31ms)
		EndReloadAssembly (801ms)
			LoadAssemblies (74ms)
			RebuildTransferFunctionScriptingTraits (0ms)
			SetupTypeCache (180ms)
			ReleaseScriptCaches (1ms)
			RebuildScriptCaches (38ms)
			SetupLoadedEditorAssemblies (438ms)
				LogAssemblyErrors (0ms)
				InitializePlatformSupportModulesInManaged (17ms)
				SetLoadedEditorAssemblies (1ms)
				RefreshPlugins (1ms)
				BeforeProcessingInitializeOnLoad (60ms)
				ProcessInitializeOnLoadAttributes (321ms)
				ProcessInitializeOnLoadMethodAttributes (25ms)
				AfterProcessingInitializeOnLoad (12ms)
				EditorAssembliesLoaded (0ms)
			ExecutionOrderSort2 (0ms)
			AwakeInstancesAfterBackupRestoration (14ms)
Platform modules already initialized, skipping
Refreshing native plugins compatible for Editor in 0.64 ms, found 2 plugins.
Preloading 0 native plugins for Editor in 0.00 ms.
Unloading 2099 Unused Serialized files (Serialized files now loaded: 0)
Unloading 17 unused Assets / (95.3 KB). Loaded Objects now: 2871.
Memory consumption went from 111.9 MB to 111.8 MB.
Total: 2.852700 ms (FindLiveObjects: 0.212800 ms CreateObjectMapping: 0.138300 ms MarkObjects: 2.473300 ms  DeleteObjects: 0.027500 ms)

AssetImportParameters requested are different than current active one (requested -> active):
  custom:video-decoder-ogg-theora: a1e56fd34408186e4bbccfd4996cb3dc -> 
  custom:container-muxer-webm: aa71ff27fc2769a1b78a27578f13a17b -> 
  custom:container-demuxer-webm: 4f35f7cbe854078d1ac9338744f61a02 -> 
  custom:video-encoder-webm-vp8: eb34c28f22e8b96e1ab97ce403110664 -> 
  custom:audio-encoder-webm-vorbis: bf7c407c2cedff20999df2af8eb42d56 -> 
  custom:framework-win-MediaFoundation: 216162199b28c13a410421893ffa2e32 -> 
  custom:container-demuxer-ogg: 62fdf1f143b41e24485cea50d1cbac27 -> 
  custom:video-decoder-webm-vp8: 9c59270c3fd7afecdb556c50c9e8de78 -> 
  custom:audio-decoder-ogg-vorbis: bf7c407c2cedff20999df2af8eb42d56 -> 
