Using pre-set license
Built from '2021.3/staging' branch; Version is '2021.3.1f1 (3b70a0754835) revision 3895456'; Using compiler version '192829333'; Build Type 'Release'
OS: 'Windows 10  (10.0.19043) 64bit Core' Language: 'en' Physical Memory: 32722 MB
BatchMode: 1, IsHumanControllingUs: 0, StartBugReporterOnCrash: 0, Is64bit: 1, IsPro: 1

COMMAND LINE ARGUMENTS:
C:\Program Files\Unity\Hub\Editor\2021.3.1f1\Editor\Unity.exe
-adb2
-batchMode
-noUpm
-name
AssetImportWorker2
-projectPath
D:/Programming/Mastered/Projects/ChessQuesters/Chess Questers
-logFile
Logs/AssetImportWorker2.log
-srvPort
50055
Successfully changed project path to: D:/Programming/Mastered/Projects/ChessQuesters/Chess Questers
D:/Programming/Mastered/Projects/ChessQuesters/Chess Questers
[UnityMemory] Configuration Parameters - Can be set up in boot.config
    "memorysetup-bucket-allocator-granularity=16"
    "memorysetup-bucket-allocator-bucket-count=8"
    "memorysetup-bucket-allocator-block-size=33554432"
    "memorysetup-bucket-allocator-block-count=8"
    "memorysetup-main-allocator-block-size=16777216"
    "memorysetup-thread-allocator-block-size=16777216"
    "memorysetup-gfx-main-allocator-block-size=16777216"
    "memorysetup-gfx-thread-allocator-block-size=16777216"
    "memorysetup-cache-allocator-block-size=4194304"
    "memorysetup-typetree-allocator-block-size=2097152"
    "memorysetup-profiler-bucket-allocator-granularity=16"
    "memorysetup-profiler-bucket-allocator-bucket-count=8"
    "memorysetup-profiler-bucket-allocator-block-size=33554432"
    "memorysetup-profiler-bucket-allocator-block-count=8"
    "memorysetup-profiler-allocator-block-size=16777216"
    "memorysetup-profiler-editor-allocator-block-size=1048576"
    "memorysetup-temp-allocator-size-main=16777216"
    "memorysetup-job-temp-allocator-block-size=2097152"
    "memorysetup-job-temp-allocator-block-size-background=1048576"
    "memorysetup-job-temp-allocator-reduction-small-platforms=262144"
    "memorysetup-temp-allocator-size-background-worker=32768"
    "memorysetup-temp-allocator-size-job-worker=262144"
    "memorysetup-temp-allocator-size-preload-manager=33554432"
    "memorysetup-temp-allocator-size-nav-mesh-worker=65536"
    "memorysetup-temp-allocator-size-audio-worker=65536"
    "memorysetup-temp-allocator-size-cloud-worker=32768"
    "memorysetup-temp-allocator-size-gi-baking-worker=262144"
    "memorysetup-temp-allocator-size-gfx=262144"
Refreshing native plugins compatible for Editor in 52.90 ms, found 2 plugins.
Preloading 0 native plugins for Editor in 0.00 ms.
Initialize engine version: 2021.3.1f1 (3b70a0754835)
[Subsystems] Discovering subsystems at path C:/Program Files/Unity/Hub/Editor/2021.3.1f1/Editor/Data/Resources/UnitySubsystems
[Subsystems] Discovering subsystems at path D:/Programming/Mastered/Projects/ChessQuesters/Chess Questers/Assets
GfxDevice: creating device client; threaded=0; jobified=0
Direct3D:
    Version:  Direct3D 11.0 [level 11.1]
    Renderer: NVIDIA GeForce GTX 1080 (ID=0x1b80)
    Vendor:   NVIDIA
    VRAM:     8079 MB
    Driver:   30.0.15.1259
Initialize mono
Mono path[0] = 'C:/Program Files/Unity/Hub/Editor/2021.3.1f1/Editor/Data/Managed'
Mono path[1] = 'C:/Program Files/Unity/Hub/Editor/2021.3.1f1/Editor/Data/MonoBleedingEdge/lib/mono/unityjit-win32'
Mono config path = 'C:/Program Files/Unity/Hub/Editor/2021.3.1f1/Editor/Data/MonoBleedingEdge/etc'
Using monoOptions --debugger-agent=transport=dt_socket,embedding=1,server=y,suspend=n,address=127.0.0.1:56616
Begin MonoManager ReloadAssembly
Registering precompiled unity dll's ...
Register platform support module: C:/Program Files/Unity/Hub/Editor/2021.3.1f1/Editor/Data/PlaybackEngines/WebGLSupport/UnityEditor.WebGL.Extensions.dll
Register platform support module: C:/Program Files/Unity/Hub/Editor/2021.3.1f1/Editor/Data/PlaybackEngines/WindowsStandaloneSupport/UnityEditor.WindowsStandalone.Extensions.dll
Registered in 0.009006 seconds.
Native extension for WindowsStandalone target not found
Native extension for WebGL target not found
Refreshing native plugins compatible for Editor in 48.87 ms, found 2 plugins.
Preloading 0 native plugins for Editor in 0.00 ms.
Mono: successfully reloaded assembly
- Completed reload, in  0.602 seconds
Domain Reload Profiling:
	ReloadAssembly (602ms)
		BeginReloadAssembly (72ms)
			ExecutionOrderSort (0ms)
			DisableScriptedObjects (0ms)
			BackupInstance (0ms)
			ReleaseScriptingObjects (0ms)
			CreateAndSetChildDomain (1ms)
		EndReloadAssembly (419ms)
			LoadAssemblies (70ms)
			RebuildTransferFunctionScriptingTraits (0ms)
			SetupTypeCache (103ms)
			ReleaseScriptCaches (0ms)
			RebuildScriptCaches (32ms)
			SetupLoadedEditorAssemblies (236ms)
				LogAssemblyErrors (0ms)
				InitializePlatformSupportModulesInManaged (10ms)
				SetLoadedEditorAssemblies (0ms)
				RefreshPlugins (49ms)
				BeforeProcessingInitializeOnLoad (1ms)
				ProcessInitializeOnLoadAttributes (132ms)
				ProcessInitializeOnLoadMethodAttributes (43ms)
				AfterProcessingInitializeOnLoad (0ms)
				EditorAssembliesLoaded (0ms)
			ExecutionOrderSort2 (0ms)
			AwakeInstancesAfterBackupRestoration (0ms)
Platform modules already initialized, skipping
Registering precompiled user dll's ...
Registered in 0.002592 seconds.
Begin MonoManager ReloadAssembly
Symbol file LoadedFromMemory is not a mono symbol file
Native extension for WindowsStandalone target not found
Native extension for WebGL target not found
Refreshing native plugins compatible for Editor in 49.41 ms, found 2 plugins.
Preloading 0 native plugins for Editor in 0.00 ms.
Mono: successfully reloaded assembly
- Completed reload, in  0.977 seconds
Domain Reload Profiling:
	ReloadAssembly (978ms)
		BeginReloadAssembly (113ms)
			ExecutionOrderSort (0ms)
			DisableScriptedObjects (6ms)
			BackupInstance (0ms)
			ReleaseScriptingObjects (0ms)
			CreateAndSetChildDomain (19ms)
		EndReloadAssembly (762ms)
			LoadAssemblies (86ms)
			RebuildTransferFunctionScriptingTraits (0ms)
			SetupTypeCache (168ms)
			ReleaseScriptCaches (1ms)
			RebuildScriptCaches (52ms)
			SetupLoadedEditorAssemblies (410ms)
				LogAssemblyErrors (0ms)
				InitializePlatformSupportModulesInManaged (6ms)
				SetLoadedEditorAssemblies (0ms)
				RefreshPlugins (49ms)
				BeforeProcessingInitializeOnLoad (58ms)
				ProcessInitializeOnLoadAttributes (270ms)
				ProcessInitializeOnLoadMethodAttributes (18ms)
				AfterProcessingInitializeOnLoad (8ms)
				EditorAssembliesLoaded (0ms)
			ExecutionOrderSort2 (0ms)
			AwakeInstancesAfterBackupRestoration (8ms)
Platform modules already initialized, skipping
========================================================================
Worker process is ready to serve import requests
Launched and connected shader compiler UnityShaderCompiler.exe after 0.07 seconds
Refreshing native plugins compatible for Editor in 0.71 ms, found 2 plugins.
Preloading 0 native plugins for Editor in 0.00 ms.
Unloading 2211 Unused Serialized files (Serialized files now loaded: 0)
Unloading 33 unused Assets / (130.0 KB). Loaded Objects now: 2710.
Memory consumption went from 118.2 MB to 118.0 MB.
Total: 3.293000 ms (FindLiveObjects: 0.266600 ms CreateObjectMapping: 0.121900 ms MarkObjects: 2.814100 ms  DeleteObjects: 0.089600 ms)

AssetImportParameters requested are different than current active one (requested -> active):
  custom:video-decoder-ogg-theora: a1e56fd34408186e4bbccfd4996cb3dc -> 
  custom:container-muxer-webm: aa71ff27fc2769a1b78a27578f13a17b -> 
  custom:container-demuxer-webm: 4f35f7cbe854078d1ac9338744f61a02 -> 
  custom:video-encoder-webm-vp8: eb34c28f22e8b96e1ab97ce403110664 -> 
  custom:audio-encoder-webm-vorbis: bf7c407c2cedff20999df2af8eb42d56 -> 
  custom:framework-win-MediaFoundation: 216162199b28c13a410421893ffa2e32 -> 
  custom:container-demuxer-ogg: 62fdf1f143b41e24485cea50d1cbac27 -> 
  custom:video-decoder-webm-vp8: 9c59270c3fd7afecdb556c50c9e8de78 -> 
  custom:audio-decoder-ogg-vorbis: bf7c407c2cedff20999df2af8eb42d56 -> 
========================================================================
Received Import Request.
  Time since last request: 102486.244489 seconds.
  path: Assets/Resources/Prefabs/EnemyModels/Skeleton/Character_Skeleton_01.prefab
  artifactKey: Guid(d2aaa9030ebe0d54bbc327d32237125d) Importer(815301076,1909f56bfc062723c751e8b465ee728b)
Start importing Assets/Resources/Prefabs/EnemyModels/Skeleton/Character_Skeleton_01.prefab using Guid(d2aaa9030ebe0d54bbc327d32237125d) Importer(815301076,1909f56bfc062723c751e8b465ee728b)  -> (artifact id: 'af977f91d7f4bb6623859238ee3618e6') in 0.309928 seconds 
========================================================================
Received Import Request.
  Time since last request: 23.334454 seconds.
  path: Assets/Resources/Prefabs/EnemyModels/Skeleton/Character_Skeleton_01.prefab
  artifactKey: Guid(d2aaa9030ebe0d54bbc327d32237125d) Importer(815301076,1909f56bfc062723c751e8b465ee728b)
Start importing Assets/Resources/Prefabs/EnemyModels/Skeleton/Character_Skeleton_01.prefab using Guid(d2aaa9030ebe0d54bbc327d32237125d) Importer(815301076,1909f56bfc062723c751e8b465ee728b)  -> (artifact id: '669bcbd2a6175a76c0b9a8524030d91d') in 0.157659 seconds 
========================================================================
Received Import Request.
  Time since last request: 2.036440 seconds.
  path: Assets/Resources/Prefabs/EnemyModels/Skeleton/Character_Skeleton_01.prefab
  artifactKey: Guid(d2aaa9030ebe0d54bbc327d32237125d) Importer(815301076,1909f56bfc062723c751e8b465ee728b)
Start importing Assets/Resources/Prefabs/EnemyModels/Skeleton/Character_Skeleton_01.prefab using Guid(d2aaa9030ebe0d54bbc327d32237125d) Importer(815301076,1909f56bfc062723c751e8b465ee728b)  -> (artifact id: 'f4071a795231b08db5e9b24724604e62') in 0.135610 seconds 
========================================================================
Received Import Request.
  Time since last request: 7.943996 seconds.
  path: Assets/Resources/Prefabs/EnemyModels/Skeleton/Character_Skeleton_01.prefab
  artifactKey: Guid(d2aaa9030ebe0d54bbc327d32237125d) Importer(815301076,1909f56bfc062723c751e8b465ee728b)
Start importing Assets/Resources/Prefabs/EnemyModels/Skeleton/Character_Skeleton_01.prefab using Guid(d2aaa9030ebe0d54bbc327d32237125d) Importer(815301076,1909f56bfc062723c751e8b465ee728b)  -> (artifact id: '4cee98b9430fd8b8612fb6db414a843d') in 0.140207 seconds 
========================================================================
Received Import Request.
  Time since last request: 1.459773 seconds.
  path: Assets/Resources/Prefabs/EnemyModels/Skeleton/Character_Skeleton_01.prefab
  artifactKey: Guid(d2aaa9030ebe0d54bbc327d32237125d) Importer(815301076,1909f56bfc062723c751e8b465ee728b)
Start importing Assets/Resources/Prefabs/EnemyModels/Skeleton/Character_Skeleton_01.prefab using Guid(d2aaa9030ebe0d54bbc327d32237125d) Importer(815301076,1909f56bfc062723c751e8b465ee728b)  -> (artifact id: 'bf3ea0bb2addba1a30f48d3629464a45') in 0.140197 seconds 
========================================================================
Received Import Request.
  Time since last request: 0.058974 seconds.
  path: Assets/Resources/Prefabs/EnemyModels/Skeleton/Character_Skeleton_01.prefab
  artifactKey: Guid(d2aaa9030ebe0d54bbc327d32237125d) Importer(815301076,1909f56bfc062723c751e8b465ee728b)
Start importing Assets/Resources/Prefabs/EnemyModels/Skeleton/Character_Skeleton_01.prefab using Guid(d2aaa9030ebe0d54bbc327d32237125d) Importer(815301076,1909f56bfc062723c751e8b465ee728b)  -> (artifact id: '959c6145fb3806f63e1e2e6e8ab09a8a') in 0.148456 seconds 
========================================================================
Received Import Request.
  Time since last request: 13.774595 seconds.
  path: Assets/Resources/Prefabs/EnemyModels/Skeleton/Character_Skeleton_01.prefab
  artifactKey: Guid(d2aaa9030ebe0d54bbc327d32237125d) Importer(815301076,1909f56bfc062723c751e8b465ee728b)
Start importing Assets/Resources/Prefabs/EnemyModels/Skeleton/Character_Skeleton_01.prefab using Guid(d2aaa9030ebe0d54bbc327d32237125d) Importer(815301076,1909f56bfc062723c751e8b465ee728b)  -> (artifact id: '4c4cdbd26b24f11fe787c8dd67d00fef') in 0.169565 seconds 
========================================================================
Received Import Request.
  Time since last request: 1.240621 seconds.
  path: Assets/Resources/Prefabs/EnemyModels/Skeleton/Character_Skeleton_01.prefab
  artifactKey: Guid(d2aaa9030ebe0d54bbc327d32237125d) Importer(815301076,1909f56bfc062723c751e8b465ee728b)
Start importing Assets/Resources/Prefabs/EnemyModels/Skeleton/Character_Skeleton_01.prefab using Guid(d2aaa9030ebe0d54bbc327d32237125d) Importer(815301076,1909f56bfc062723c751e8b465ee728b)  -> (artifact id: '8e8fb1b17b27c9f76e9b35f9e6940a10') in 0.162033 seconds 
========================================================================
Received Import Request.
  Time since last request: 1.647371 seconds.
  path: Assets/Resources/Prefabs/EnemyModels/Skeleton/Character_Skeleton_01.prefab
  artifactKey: Guid(d2aaa9030ebe0d54bbc327d32237125d) Importer(815301076,1909f56bfc062723c751e8b465ee728b)
Start importing Assets/Resources/Prefabs/EnemyModels/Skeleton/Character_Skeleton_01.prefab using Guid(d2aaa9030ebe0d54bbc327d32237125d) Importer(815301076,1909f56bfc062723c751e8b465ee728b)  -> (artifact id: '8b4b92c5ada3fcc630d9f709df517743') in 0.156260 seconds 
========================================================================
Received Import Request.
  Time since last request: 5.290099 seconds.
  path: Assets/Resources/Prefabs/EnemyModels/Skeleton/Character_Skeleton_01.prefab
  artifactKey: Guid(d2aaa9030ebe0d54bbc327d32237125d) Importer(815301076,1909f56bfc062723c751e8b465ee728b)
Start importing Assets/Resources/Prefabs/EnemyModels/Skeleton/Character_Skeleton_01.prefab using Guid(d2aaa9030ebe0d54bbc327d32237125d) Importer(815301076,1909f56bfc062723c751e8b465ee728b)  -> (artifact id: '0db74f1d8783c0c071667bc3e6020353') in 0.134488 seconds 
========================================================================
Received Import Request.
  Time since last request: 15.604938 seconds.
  path: Assets/Resources/Prefabs/EnemyModels/Skeleton/Character_Skeleton_01.prefab
  artifactKey: Guid(d2aaa9030ebe0d54bbc327d32237125d) Importer(815301076,1909f56bfc062723c751e8b465ee728b)
Start importing Assets/Resources/Prefabs/EnemyModels/Skeleton/Character_Skeleton_01.prefab using Guid(d2aaa9030ebe0d54bbc327d32237125d) Importer(815301076,1909f56bfc062723c751e8b465ee728b)  -> (artifact id: '7fe8967b979c1f1b89a119f8b817df02') in 0.159449 seconds 
========================================================================
Received Import Request.
  Time since last request: 1.264125 seconds.
  path: Assets/Resources/Prefabs/EnemyModels/Skeleton/Character_Skeleton_01.prefab
  artifactKey: Guid(d2aaa9030ebe0d54bbc327d32237125d) Importer(815301076,1909f56bfc062723c751e8b465ee728b)
Start importing Assets/Resources/Prefabs/EnemyModels/Skeleton/Character_Skeleton_01.prefab using Guid(d2aaa9030ebe0d54bbc327d32237125d) Importer(815301076,1909f56bfc062723c751e8b465ee728b)  -> (artifact id: '8240ad2727daff747589868c1109fb73') in 0.157899 seconds 
========================================================================
Received Import Request.
  Time since last request: 2.665352 seconds.
  path: Assets/Resources/Prefabs/EnemyModels/Skeleton/Character_Skeleton_01.prefab
  artifactKey: Guid(d2aaa9030ebe0d54bbc327d32237125d) Importer(815301076,1909f56bfc062723c751e8b465ee728b)
Start importing Assets/Resources/Prefabs/EnemyModels/Skeleton/Character_Skeleton_01.prefab using Guid(d2aaa9030ebe0d54bbc327d32237125d) Importer(815301076,1909f56bfc062723c751e8b465ee728b)  -> (artifact id: 'b91501ce00799dfb1e9292f94e130f36') in 0.157220 seconds 
========================================================================
Received Import Request.
  Time since last request: 2.478879 seconds.
  path: Assets/Resources/Prefabs/EnemyModels/Skeleton/Character_Skeleton_01.prefab
  artifactKey: Guid(d2aaa9030ebe0d54bbc327d32237125d) Importer(815301076,1909f56bfc062723c751e8b465ee728b)
Start importing Assets/Resources/Prefabs/EnemyModels/Skeleton/Character_Skeleton_01.prefab using Guid(d2aaa9030ebe0d54bbc327d32237125d) Importer(815301076,1909f56bfc062723c751e8b465ee728b)  -> (artifact id: '59093043866411749183ae639504f875') in 0.177866 seconds 
========================================================================
Received Import Request.
  Time since last request: 1.414719 seconds.
  path: Assets/Resources/Prefabs/EnemyModels/Skeleton/Character_Skeleton_01.prefab
  artifactKey: Guid(d2aaa9030ebe0d54bbc327d32237125d) Importer(815301076,1909f56bfc062723c751e8b465ee728b)
Start importing Assets/Resources/Prefabs/EnemyModels/Skeleton/Character_Skeleton_01.prefab using Guid(d2aaa9030ebe0d54bbc327d32237125d) Importer(815301076,1909f56bfc062723c751e8b465ee728b)  -> (artifact id: 'f890467545b76e7297dcf06fcaae26e1') in 0.155299 seconds 
========================================================================
Received Import Request.
  Time since last request: 4.488652 seconds.
  path: Assets/Resources/Prefabs/EnemyModels/Skeleton/Character_Skeleton_01.prefab
  artifactKey: Guid(d2aaa9030ebe0d54bbc327d32237125d) Importer(815301076,1909f56bfc062723c751e8b465ee728b)
Start importing Assets/Resources/Prefabs/EnemyModels/Skeleton/Character_Skeleton_01.prefab using Guid(d2aaa9030ebe0d54bbc327d32237125d) Importer(815301076,1909f56bfc062723c751e8b465ee728b)  -> (artifact id: '3b7b5a489e6649bfafdb69979f3e0f5b') in 0.136090 seconds 
========================================================================
Received Import Request.
  Time since last request: 14.427320 seconds.
  path: Assets/Resources/Prefabs/EnemyModels/Skeleton/Character_Skeleton_01.prefab
  artifactKey: Guid(d2aaa9030ebe0d54bbc327d32237125d) Importer(815301076,1909f56bfc062723c751e8b465ee728b)
Start importing Assets/Resources/Prefabs/EnemyModels/Skeleton/Character_Skeleton_01.prefab using Guid(d2aaa9030ebe0d54bbc327d32237125d) Importer(815301076,1909f56bfc062723c751e8b465ee728b)  -> (artifact id: 'a93144dc4d572545d795c165fd55cd05') in 0.136244 seconds 
========================================================================
Received Import Request.
  Time since last request: 4.087466 seconds.
  path: Assets/Resources/Prefabs/EnemyModels/Skeleton/Character_Skeleton_01.prefab
  artifactKey: Guid(d2aaa9030ebe0d54bbc327d32237125d) Importer(815301076,1909f56bfc062723c751e8b465ee728b)
Start importing Assets/Resources/Prefabs/EnemyModels/Skeleton/Character_Skeleton_01.prefab using Guid(d2aaa9030ebe0d54bbc327d32237125d) Importer(815301076,1909f56bfc062723c751e8b465ee728b)  -> (artifact id: '58a8cb2768ea8bcaa45af5eea3f6cc7d') in 0.161003 seconds 
========================================================================
Received Import Request.
  Time since last request: 6.916394 seconds.
  path: Assets/Resources/Prefabs/EnemyModels/Skeleton/Character_Skeleton_01.prefab
  artifactKey: Guid(d2aaa9030ebe0d54bbc327d32237125d) Importer(815301076,1909f56bfc062723c751e8b465ee728b)
Start importing Assets/Resources/Prefabs/EnemyModels/Skeleton/Character_Skeleton_01.prefab using Guid(d2aaa9030ebe0d54bbc327d32237125d) Importer(815301076,1909f56bfc062723c751e8b465ee728b)  -> (artifact id: 'a68128501fcafa62c5c083915f074b66') in 0.155220 seconds 
========================================================================
Received Import Request.
  Time since last request: 2.653404 seconds.
  path: Assets/Resources/Prefabs/EnemyModels/Skeleton/Character_Skeleton_01.prefab
  artifactKey: Guid(d2aaa9030ebe0d54bbc327d32237125d) Importer(815301076,1909f56bfc062723c751e8b465ee728b)
Start importing Assets/Resources/Prefabs/EnemyModels/Skeleton/Character_Skeleton_01.prefab using Guid(d2aaa9030ebe0d54bbc327d32237125d) Importer(815301076,1909f56bfc062723c751e8b465ee728b)  -> (artifact id: 'be067bb4b13dcbef7b7d732af2007ad0') in 0.156348 seconds 
========================================================================
Received Import Request.
  Time since last request: 2.665644 seconds.
  path: Assets/Resources/Prefabs/EnemyModels/Skeleton/Character_Skeleton_01.prefab
  artifactKey: Guid(d2aaa9030ebe0d54bbc327d32237125d) Importer(815301076,1909f56bfc062723c751e8b465ee728b)
Start importing Assets/Resources/Prefabs/EnemyModels/Skeleton/Character_Skeleton_01.prefab using Guid(d2aaa9030ebe0d54bbc327d32237125d) Importer(815301076,1909f56bfc062723c751e8b465ee728b)  -> (artifact id: '8dce9e2b322f12da87fa5390a3cb6055') in 0.139627 seconds 
========================================================================
Received Import Request.
  Time since last request: 7.339146 seconds.
  path: Assets/Resources/Prefabs/EnemyModels/Skeleton/Character_Skeleton_01.prefab
  artifactKey: Guid(d2aaa9030ebe0d54bbc327d32237125d) Importer(815301076,1909f56bfc062723c751e8b465ee728b)
Start importing Assets/Resources/Prefabs/EnemyModels/Skeleton/Character_Skeleton_01.prefab using Guid(d2aaa9030ebe0d54bbc327d32237125d) Importer(815301076,1909f56bfc062723c751e8b465ee728b)  -> (artifact id: 'ca952428a7c4f1561e456cffdfd4e613') in 0.152926 seconds 
========================================================================
Received Import Request.
  Time since last request: 11.186535 seconds.
  path: Assets/Resources/Prefabs/EnemyModels/Skeleton/Character_Skeleton_01.prefab
  artifactKey: Guid(d2aaa9030ebe0d54bbc327d32237125d) Importer(815301076,1909f56bfc062723c751e8b465ee728b)
Start importing Assets/Resources/Prefabs/EnemyModels/Skeleton/Character_Skeleton_01.prefab using Guid(d2aaa9030ebe0d54bbc327d32237125d) Importer(815301076,1909f56bfc062723c751e8b465ee728b)  -> (artifact id: '73d1f459d6aa9dc44664e064bb3432f7') in 0.155690 seconds 
========================================================================
Received Import Request.
  Time since last request: 13.967755 seconds.
  path: Assets/Resources/Prefabs/EnemyModels/Skeleton/Character_Skeleton_01.prefab
  artifactKey: Guid(d2aaa9030ebe0d54bbc327d32237125d) Importer(815301076,1909f56bfc062723c751e8b465ee728b)
Start importing Assets/Resources/Prefabs/EnemyModels/Skeleton/Character_Skeleton_01.prefab using Guid(d2aaa9030ebe0d54bbc327d32237125d) Importer(815301076,1909f56bfc062723c751e8b465ee728b)  -> (artifact id: '203f290af9db5b83b6687bc8574cdb7d') in 0.144238 seconds 
========================================================================
Received Import Request.
  Time since last request: 3.286771 seconds.
  path: Assets/Resources/Prefabs/EnemyModels/Skeleton/Character_Skeleton_01.prefab
  artifactKey: Guid(d2aaa9030ebe0d54bbc327d32237125d) Importer(815301076,1909f56bfc062723c751e8b465ee728b)
Start importing Assets/Resources/Prefabs/EnemyModels/Skeleton/Character_Skeleton_01.prefab using Guid(d2aaa9030ebe0d54bbc327d32237125d) Importer(815301076,1909f56bfc062723c751e8b465ee728b)  -> (artifact id: 'ef5909352fcd89f7e795bbb391481a87') in 0.154190 seconds 
========================================================================
Received Import Request.
  Time since last request: 2.864425 seconds.
  path: Assets/Resources/Prefabs/EnemyModels/Skeleton/Character_Skeleton_01.prefab
  artifactKey: Guid(d2aaa9030ebe0d54bbc327d32237125d) Importer(815301076,1909f56bfc062723c751e8b465ee728b)
Start importing Assets/Resources/Prefabs/EnemyModels/Skeleton/Character_Skeleton_01.prefab using Guid(d2aaa9030ebe0d54bbc327d32237125d) Importer(815301076,1909f56bfc062723c751e8b465ee728b)  -> (artifact id: '39a55e0c11003a043033aa6b3d914a5c') in 0.137542 seconds 
========================================================================
Received Import Request.
  Time since last request: 5.495534 seconds.
  path: Assets/Resources/Prefabs/EnemyModels/Skeleton/Character_Skeleton_01.prefab
  artifactKey: Guid(d2aaa9030ebe0d54bbc327d32237125d) Importer(815301076,1909f56bfc062723c751e8b465ee728b)
Start importing Assets/Resources/Prefabs/EnemyModels/Skeleton/Character_Skeleton_01.prefab using Guid(d2aaa9030ebe0d54bbc327d32237125d) Importer(815301076,1909f56bfc062723c751e8b465ee728b)  -> (artifact id: '72802ad7238c30848009eec311eb7796') in 0.141959 seconds 
========================================================================
Received Import Request.
  Time since last request: 7.313061 seconds.
  path: Assets/Resources/Prefabs/EnemyModels/Skeleton/Character_Skeleton_01.prefab
  artifactKey: Guid(d2aaa9030ebe0d54bbc327d32237125d) Importer(815301076,1909f56bfc062723c751e8b465ee728b)
Start importing Assets/Resources/Prefabs/EnemyModels/Skeleton/Character_Skeleton_01.prefab using Guid(d2aaa9030ebe0d54bbc327d32237125d) Importer(815301076,1909f56bfc062723c751e8b465ee728b)  -> (artifact id: 'ecfe3399ae41e57b8445a9b39421f9c7') in 0.150514 seconds 
========================================================================
Received Import Request.
  Time since last request: 2.454884 seconds.
  path: Assets/Resources/Prefabs/EnemyModels/Skeleton/Character_Skeleton_01.prefab
  artifactKey: Guid(d2aaa9030ebe0d54bbc327d32237125d) Importer(815301076,1909f56bfc062723c751e8b465ee728b)
Start importing Assets/Resources/Prefabs/EnemyModels/Skeleton/Character_Skeleton_01.prefab using Guid(d2aaa9030ebe0d54bbc327d32237125d) Importer(815301076,1909f56bfc062723c751e8b465ee728b)  -> (artifact id: '7fbe68584f2d0af17560ae9323d9347a') in 0.137909 seconds 
========================================================================
Received Import Request.
  Time since last request: 46.235612 seconds.
  path: Assets/Resources/Prefabs/EnemyModels/Skeleton/Character_Skeleton_01.prefab
  artifactKey: Guid(d2aaa9030ebe0d54bbc327d32237125d) Importer(815301076,1909f56bfc062723c751e8b465ee728b)
Start importing Assets/Resources/Prefabs/EnemyModels/Skeleton/Character_Skeleton_01.prefab using Guid(d2aaa9030ebe0d54bbc327d32237125d) Importer(815301076,1909f56bfc062723c751e8b465ee728b)  -> (artifact id: '24fc9d24ce55adb879d2db773aceeca4') in 0.145446 seconds 
========================================================================
Received Prepare
Registering precompiled user dll's ...
Registered in 0.002508 seconds.
Begin MonoManager ReloadAssembly
Symbol file LoadedFromMemory is not a mono symbol file
Native extension for WindowsStandalone target not found
Native extension for WebGL target not found
Refreshing native plugins compatible for Editor in 0.99 ms, found 2 plugins.
Preloading 0 native plugins for Editor in 0.00 ms.
Mono: successfully reloaded assembly
- Completed reload, in  1.011 seconds
Domain Reload Profiling:
	ReloadAssembly (1012ms)
		BeginReloadAssembly (127ms)
			ExecutionOrderSort (0ms)
			DisableScriptedObjects (6ms)
			BackupInstance (0ms)
			ReleaseScriptingObjects (0ms)
			CreateAndSetChildDomain (36ms)
		EndReloadAssembly (793ms)
			LoadAssemblies (90ms)
			RebuildTransferFunctionScriptingTraits (0ms)
			SetupTypeCache (194ms)
			ReleaseScriptCaches (1ms)
			RebuildScriptCaches (53ms)
			SetupLoadedEditorAssemblies (409ms)
				LogAssemblyErrors (0ms)
				InitializePlatformSupportModulesInManaged (18ms)
				SetLoadedEditorAssemblies (0ms)
				RefreshPlugins (1ms)
				BeforeProcessingInitializeOnLoad (60ms)
				ProcessInitializeOnLoadAttributes (295ms)
				ProcessInitializeOnLoadMethodAttributes (25ms)
				AfterProcessingInitializeOnLoad (10ms)
				EditorAssembliesLoaded (0ms)
			ExecutionOrderSort2 (0ms)
			AwakeInstancesAfterBackupRestoration (6ms)
Platform modules already initialized, skipping
Refreshing native plugins compatible for Editor in 1.29 ms, found 2 plugins.
Preloading 0 native plugins for Editor in 0.00 ms.
Unloading 2174 Unused Serialized files (Serialized files now loaded: 0)
Unloading 12 unused Assets / (95.4 KB). Loaded Objects now: 2733.
Memory consumption went from 131.6 MB to 131.5 MB.
Total: 4.200100 ms (FindLiveObjects: 0.188500 ms CreateObjectMapping: 0.084200 ms MarkObjects: 3.900800 ms  DeleteObjects: 0.025700 ms)

AssetImportParameters requested are different than current active one (requested -> active):
  custom:video-decoder-ogg-theora: a1e56fd34408186e4bbccfd4996cb3dc -> 
  custom:container-muxer-webm: aa71ff27fc2769a1b78a27578f13a17b -> 
  custom:container-demuxer-webm: 4f35f7cbe854078d1ac9338744f61a02 -> 
  custom:video-encoder-webm-vp8: eb34c28f22e8b96e1ab97ce403110664 -> 
  custom:audio-encoder-webm-vorbis: bf7c407c2cedff20999df2af8eb42d56 -> 
  custom:framework-win-MediaFoundation: 216162199b28c13a410421893ffa2e32 -> 
  custom:container-demuxer-ogg: 62fdf1f143b41e24485cea50d1cbac27 -> 
  custom:video-decoder-webm-vp8: 9c59270c3fd7afecdb556c50c9e8de78 -> 
  custom:audio-decoder-ogg-vorbis: bf7c407c2cedff20999df2af8eb42d56 -> 
========================================================================
Received Import Request.
  Time since last request: 17.554683 seconds.
  path: Assets/Resources/Prefabs/EnemyModels/Skeleton/Character_Skeleton_01.prefab
  artifactKey: Guid(d2aaa9030ebe0d54bbc327d32237125d) Importer(815301076,1909f56bfc062723c751e8b465ee728b)
Start importing Assets/Resources/Prefabs/EnemyModels/Skeleton/Character_Skeleton_01.prefab using Guid(d2aaa9030ebe0d54bbc327d32237125d) Importer(815301076,1909f56bfc062723c751e8b465ee728b)  -> (artifact id: '3c6c2900857422230901b6b02817f97c') in 0.223967 seconds 
========================================================================
Received Prepare
Registering precompiled user dll's ...
Registered in 0.002719 seconds.
Begin MonoManager ReloadAssembly
Symbol file LoadedFromMemory is not a mono symbol file
Native extension for WindowsStandalone target not found
Native extension for WebGL target not found
Refreshing native plugins compatible for Editor in 0.64 ms, found 2 plugins.
Preloading 0 native plugins for Editor in 0.00 ms.
Mono: successfully reloaded assembly
- Completed reload, in  0.988 seconds
Domain Reload Profiling:
	ReloadAssembly (989ms)
		BeginReloadAssembly (123ms)
			ExecutionOrderSort (0ms)
			DisableScriptedObjects (5ms)
			BackupInstance (0ms)
			ReleaseScriptingObjects (0ms)
			CreateAndSetChildDomain (32ms)
		EndReloadAssembly (764ms)
			LoadAssemblies (83ms)
			RebuildTransferFunctionScriptingTraits (0ms)
			SetupTypeCache (201ms)
			ReleaseScriptCaches (1ms)
			RebuildScriptCaches (51ms)
			SetupLoadedEditorAssemblies (382ms)
				LogAssemblyErrors (0ms)
				InitializePlatformSupportModulesInManaged (13ms)
				SetLoadedEditorAssemblies (0ms)
				RefreshPlugins (1ms)
				BeforeProcessingInitializeOnLoad (47ms)
				ProcessInitializeOnLoadAttributes (291ms)
				ProcessInitializeOnLoadMethodAttributes (20ms)
				AfterProcessingInitializeOnLoad (9ms)
				EditorAssembliesLoaded (0ms)
			ExecutionOrderSort2 (0ms)
			AwakeInstancesAfterBackupRestoration (7ms)
Platform modules already initialized, skipping
Refreshing native plugins compatible for Editor in 1.41 ms, found 2 plugins.
Preloading 0 native plugins for Editor in 0.00 ms.
Unloading 2174 Unused Serialized files (Serialized files now loaded: 0)
Unloading 12 unused Assets / (95.3 KB). Loaded Objects now: 2748.
Memory consumption went from 131.6 MB to 131.5 MB.
Total: 2.625300 ms (FindLiveObjects: 0.186300 ms CreateObjectMapping: 0.087900 ms MarkObjects: 2.292500 ms  DeleteObjects: 0.057300 ms)

AssetImportParameters requested are different than current active one (requested -> active):
  custom:video-decoder-ogg-theora: a1e56fd34408186e4bbccfd4996cb3dc -> 
  custom:container-muxer-webm: aa71ff27fc2769a1b78a27578f13a17b -> 
  custom:container-demuxer-webm: 4f35f7cbe854078d1ac9338744f61a02 -> 
  custom:video-encoder-webm-vp8: eb34c28f22e8b96e1ab97ce403110664 -> 
  custom:audio-encoder-webm-vorbis: bf7c407c2cedff20999df2af8eb42d56 -> 
  custom:framework-win-MediaFoundation: 216162199b28c13a410421893ffa2e32 -> 
  custom:container-demuxer-ogg: 62fdf1f143b41e24485cea50d1cbac27 -> 
  custom:video-decoder-webm-vp8: 9c59270c3fd7afecdb556c50c9e8de78 -> 
  custom:audio-decoder-ogg-vorbis: bf7c407c2cedff20999df2af8eb42d56 -> 
========================================================================
Received Import Request.
  Time since last request: 6.683788 seconds.
  path: Assets/Resources/Prefabs/EnemyModels/Skeleton/Character_Skeleton_01.prefab
  artifactKey: Guid(d2aaa9030ebe0d54bbc327d32237125d) Importer(815301076,1909f56bfc062723c751e8b465ee728b)
Start importing Assets/Resources/Prefabs/EnemyModels/Skeleton/Character_Skeleton_01.prefab using Guid(d2aaa9030ebe0d54bbc327d32237125d) Importer(815301076,1909f56bfc062723c751e8b465ee728b)  -> (artifact id: '6ec1605600fa39f76adbe220b77cd0b3') in 0.228375 seconds 
========================================================================
Received Import Request.
  Time since last request: 9.181456 seconds.
  path: Assets/Resources/Prefabs/EnemyModels/Skeleton/Character_Skeleton_01.prefab
  artifactKey: Guid(d2aaa9030ebe0d54bbc327d32237125d) Importer(815301076,1909f56bfc062723c751e8b465ee728b)
Start importing Assets/Resources/Prefabs/EnemyModels/Skeleton/Character_Skeleton_01.prefab using Guid(d2aaa9030ebe0d54bbc327d32237125d) Importer(815301076,1909f56bfc062723c751e8b465ee728b)  -> (artifact id: '14388a4a2ac5b62327571edfd38caef7') in 0.157603 seconds 
========================================================================
Received Import Request.
  Time since last request: 0.852218 seconds.
  path: Assets/Resources/Prefabs/EnemyModels/Skeleton/Character_Skeleton_01.prefab
  artifactKey: Guid(d2aaa9030ebe0d54bbc327d32237125d) Importer(815301076,1909f56bfc062723c751e8b465ee728b)
Start importing Assets/Resources/Prefabs/EnemyModels/Skeleton/Character_Skeleton_01.prefab using Guid(d2aaa9030ebe0d54bbc327d32237125d) Importer(815301076,1909f56bfc062723c751e8b465ee728b)  -> (artifact id: '239f1440c8525c1c38b2693a72d6be55') in 0.139464 seconds 
========================================================================
Received Import Request.
  Time since last request: 9.176035 seconds.
  path: Assets/Resources/Prefabs/EnemyModels/Skeleton/Character_Skeleton_01.prefab
  artifactKey: Guid(d2aaa9030ebe0d54bbc327d32237125d) Importer(815301076,1909f56bfc062723c751e8b465ee728b)
Start importing Assets/Resources/Prefabs/EnemyModels/Skeleton/Character_Skeleton_01.prefab using Guid(d2aaa9030ebe0d54bbc327d32237125d) Importer(815301076,1909f56bfc062723c751e8b465ee728b)  -> (artifact id: '6495abdb5f23962e475773034c4f9f8b') in 0.172198 seconds 
========================================================================
Received Import Request.
  Time since last request: 60.066307 seconds.
  path: Assets/Resources/Prefabs/EnemyModels/Skeleton/Character_Skeleton_01.prefab
  artifactKey: Guid(d2aaa9030ebe0d54bbc327d32237125d) Importer(815301076,1909f56bfc062723c751e8b465ee728b)
Start importing Assets/Resources/Prefabs/EnemyModels/Skeleton/Character_Skeleton_01.prefab using Guid(d2aaa9030ebe0d54bbc327d32237125d) Importer(815301076,1909f56bfc062723c751e8b465ee728b)  -> (artifact id: 'ad28cc2fa8e5816a4c5646b40df04301') in 0.183107 seconds 
========================================================================
Received Prepare
Registering precompiled user dll's ...
Registered in 0.003205 seconds.
Begin MonoManager ReloadAssembly
Symbol file LoadedFromMemory is not a mono symbol file
Native extension for WindowsStandalone target not found
Native extension for WebGL target not found
Refreshing native plugins compatible for Editor in 1.31 ms, found 2 plugins.
Preloading 0 native plugins for Editor in 0.00 ms.
Mono: successfully reloaded assembly
- Completed reload, in  1.000 seconds
Domain Reload Profiling:
	ReloadAssembly (1001ms)
		BeginReloadAssembly (125ms)
			ExecutionOrderSort (0ms)
			DisableScriptedObjects (4ms)
			BackupInstance (0ms)
			ReleaseScriptingObjects (0ms)
			CreateAndSetChildDomain (34ms)
		EndReloadAssembly (777ms)
			LoadAssemblies (84ms)
			RebuildTransferFunctionScriptingTraits (0ms)
			SetupTypeCache (187ms)
			ReleaseScriptCaches (1ms)
			RebuildScriptCaches (66ms)
			SetupLoadedEditorAssemblies (398ms)
				LogAssemblyErrors (0ms)
				InitializePlatformSupportModulesInManaged (20ms)
				SetLoadedEditorAssemblies (1ms)
				RefreshPlugins (1ms)
				BeforeProcessingInitializeOnLoad (61ms)
				ProcessInitializeOnLoadAttributes (285ms)
				ProcessInitializeOnLoadMethodAttributes (20ms)
				AfterProcessingInitializeOnLoad (9ms)
				EditorAssembliesLoaded (0ms)
			ExecutionOrderSort2 (0ms)
			AwakeInstancesAfterBackupRestoration (6ms)
Platform modules already initialized, skipping
Refreshing native plugins compatible for Editor in 1.57 ms, found 2 plugins.
Preloading 0 native plugins for Editor in 0.00 ms.
Unloading 2174 Unused Serialized files (Serialized files now loaded: 0)
Unloading 12 unused Assets / (95.4 KB). Loaded Objects now: 2763.
Memory consumption went from 132.0 MB to 131.9 MB.
Total: 2.698400 ms (FindLiveObjects: 0.193200 ms CreateObjectMapping: 0.087500 ms MarkObjects: 2.376400 ms  DeleteObjects: 0.039700 ms)

AssetImportParameters requested are different than current active one (requested -> active):
  custom:video-decoder-ogg-theora: a1e56fd34408186e4bbccfd4996cb3dc -> 
  custom:container-muxer-webm: aa71ff27fc2769a1b78a27578f13a17b -> 
  custom:container-demuxer-webm: 4f35f7cbe854078d1ac9338744f61a02 -> 
  custom:video-encoder-webm-vp8: eb34c28f22e8b96e1ab97ce403110664 -> 
  custom:audio-encoder-webm-vorbis: bf7c407c2cedff20999df2af8eb42d56 -> 
  custom:framework-win-MediaFoundation: 216162199b28c13a410421893ffa2e32 -> 
  custom:container-demuxer-ogg: 62fdf1f143b41e24485cea50d1cbac27 -> 
  custom:video-decoder-webm-vp8: 9c59270c3fd7afecdb556c50c9e8de78 -> 
  custom:audio-decoder-ogg-vorbis: bf7c407c2cedff20999df2af8eb42d56 -> 
========================================================================
Received Import Request.
  Time since last request: 4.807523 seconds.
  path: Assets/Resources/Prefabs/EnemyModels/Skeleton/Character_Skeleton_01.prefab
  artifactKey: Guid(d2aaa9030ebe0d54bbc327d32237125d) Importer(815301076,1909f56bfc062723c751e8b465ee728b)
Start importing Assets/Resources/Prefabs/EnemyModels/Skeleton/Character_Skeleton_01.prefab using Guid(d2aaa9030ebe0d54bbc327d32237125d) Importer(815301076,1909f56bfc062723c751e8b465ee728b)  -> (artifact id: '319cc5b48a2fdec3a11c147aa93ece0e') in 0.230863 seconds 
========================================================================
Received Import Request.
  Time since last request: 38.109376 seconds.
  path: Assets/Resources/Prefabs/EnemyModels/Skeleton/Character_Skeleton_01.prefab
  artifactKey: Guid(d2aaa9030ebe0d54bbc327d32237125d) Importer(815301076,1909f56bfc062723c751e8b465ee728b)
Start importing Assets/Resources/Prefabs/EnemyModels/Skeleton/Character_Skeleton_01.prefab using Guid(d2aaa9030ebe0d54bbc327d32237125d) Importer(815301076,1909f56bfc062723c751e8b465ee728b)  -> (artifact id: '85742ff21e9e6c1e774329230828a304') in 0.157133 seconds 
========================================================================
Received Import Request.
  Time since last request: 33.686200 seconds.
  path: Assets/Resources/Prefabs/EnemyModels/Skeleton/Character_Skeleton_01.prefab
  artifactKey: Guid(d2aaa9030ebe0d54bbc327d32237125d) Importer(815301076,1909f56bfc062723c751e8b465ee728b)
Start importing Assets/Resources/Prefabs/EnemyModels/Skeleton/Character_Skeleton_01.prefab using Guid(d2aaa9030ebe0d54bbc327d32237125d) Importer(815301076,1909f56bfc062723c751e8b465ee728b)  -> (artifact id: 'e04d6ed71180cc823bb82d028a8e43ea') in 0.139557 seconds 
========================================================================
Received Import Request.
  Time since last request: 3.086762 seconds.
  path: Assets/Resources/Prefabs/EnemyModels/Skeleton/Character_Skeleton_01.prefab
  artifactKey: Guid(d2aaa9030ebe0d54bbc327d32237125d) Importer(815301076,1909f56bfc062723c751e8b465ee728b)
Start importing Assets/Resources/Prefabs/EnemyModels/Skeleton/Character_Skeleton_01.prefab using Guid(d2aaa9030ebe0d54bbc327d32237125d) Importer(815301076,1909f56bfc062723c751e8b465ee728b)  -> (artifact id: '9b7f61df0a844553eef746dfba994ea4') in 0.158412 seconds 
========================================================================
Received Import Request.
  Time since last request: 96.158638 seconds.
  path: Assets/Resources/Prefabs/EnemyModels/Skeleton/Character_Skeleton_01.prefab
  artifactKey: Guid(d2aaa9030ebe0d54bbc327d32237125d) Importer(815301076,1909f56bfc062723c751e8b465ee728b)
Start importing Assets/Resources/Prefabs/EnemyModels/Skeleton/Character_Skeleton_01.prefab using Guid(d2aaa9030ebe0d54bbc327d32237125d) Importer(815301076,1909f56bfc062723c751e8b465ee728b)  -> (artifact id: '933016710ff945cf230f9bd4f4baafa4') in 0.156355 seconds 
========================================================================
Received Import Request.
  Time since last request: 65.931755 seconds.
  path: Assets/ThirdParty/LeanTween/Examples/Archived/GrumpyCat.jpeg
  artifactKey: Guid(6a9d1d221a3c94d83b614d921df0402e) Importer(815301076,1909f56bfc062723c751e8b465ee728b)
Start importing Assets/ThirdParty/LeanTween/Examples/Archived/GrumpyCat.jpeg using Guid(6a9d1d221a3c94d83b614d921df0402e) Importer(815301076,1909f56bfc062723c751e8b465ee728b)  -> (artifact id: '32f492fd14d0d2e8338950f8aa069643') in 0.238167 seconds 
========================================================================
Received Import Request.
  Time since last request: 5.781328 seconds.
  path: Assets/ThirdParty/LeanTween/Examples/Archived/OldGUIExamplesCS.unity
  artifactKey: Guid(ec27881ee9cf54018ac9bd5706c2fdab) Importer(815301076,1909f56bfc062723c751e8b465ee728b)
Start importing Assets/ThirdParty/LeanTween/Examples/Archived/OldGUIExamplesCS.unity using Guid(ec27881ee9cf54018ac9bd5706c2fdab) Importer(815301076,1909f56bfc062723c751e8b465ee728b)  -> (artifact id: '9f464557d18d6c2b9b5f5c70334ee7dd') in 0.005328 seconds 
========================================================================
Received Import Request.
  Time since last request: 2.062997 seconds.
  path: Assets/ThirdParty/LeanTween/Examples/Material/AlphaReadyMaterial.mat
  artifactKey: Guid(61731bf38a6fa4d66b536bc03fc8eb3f) Importer(815301076,1909f56bfc062723c751e8b465ee728b)
Start importing Assets/ThirdParty/LeanTween/Examples/Material/AlphaReadyMaterial.mat using Guid(61731bf38a6fa4d66b536bc03fc8eb3f) Importer(815301076,1909f56bfc062723c751e8b465ee728b)  -> (artifact id: '51768c00ba321859e05ed35a19b19358') in 0.050453 seconds 
========================================================================
Received Import Request.
  Time since last request: 0.000060 seconds.
  path: Assets/ThirdParty/LeanTween/Examples/Material/TrackLines.mat
  artifactKey: Guid(54538213a935248b8ac1ce7b42140cad) Importer(815301076,1909f56bfc062723c751e8b465ee728b)
Start importing Assets/ThirdParty/LeanTween/Examples/Material/TrackLines.mat using Guid(54538213a935248b8ac1ce7b42140cad) Importer(815301076,1909f56bfc062723c751e8b465ee728b)  -> (artifact id: 'be2587b0a5b9a9dd05f7dc031c752795') in 0.046631 seconds 
========================================================================
Received Import Request.
  Time since last request: 0.000016 seconds.
  path: Assets/ThirdParty/LeanTween/Examples/Material/TrackGlowMaterial.mat
  artifactKey: Guid(f99cee49392444d14b5e8c16cd41348d) Importer(815301076,1909f56bfc062723c751e8b465ee728b)
Start importing Assets/ThirdParty/LeanTween/Examples/Material/TrackGlowMaterial.mat using Guid(f99cee49392444d14b5e8c16cd41348d) Importer(815301076,1909f56bfc062723c751e8b465ee728b)  -> (artifact id: '756c97c47c6dec87c9c8289e23a2b6f0') in 0.047479 seconds 
========================================================================
Received Import Request.
  Time since last request: 0.000021 seconds.
  path: Assets/ThirdParty/LeanTween/Examples/Material/Futoro_SineWave.mat
  artifactKey: Guid(d2eed51ebc4ee4089986bb1639255f0e) Importer(815301076,1909f56bfc062723c751e8b465ee728b)
Start importing Assets/ThirdParty/LeanTween/Examples/Material/Futoro_SineWave.mat using Guid(d2eed51ebc4ee4089986bb1639255f0e) Importer(815301076,1909f56bfc062723c751e8b465ee728b)  -> (artifact id: '504ccd23ce9ebb27ced4b9e3c260496b') in 0.024943 seconds 
========================================================================
Received Import Request.
  Time since last request: 0.000027 seconds.
  path: Assets/ThirdParty/LeanTween/Examples/Material/Futuro_ButtonBack.psd
  artifactKey: Guid(b3abce7efa3854a4cb1dd6b47f553027) Importer(815301076,1909f56bfc062723c751e8b465ee728b)
Start importing Assets/ThirdParty/LeanTween/Examples/Material/Futuro_ButtonBack.psd using Guid(b3abce7efa3854a4cb1dd6b47f553027) Importer(815301076,1909f56bfc062723c751e8b465ee728b)  -> (artifact id: '97a288c05e116191c59a492b56fb6520') in 0.055988 seconds 
========================================================================
Received Import Request.
  Time since last request: 0.000016 seconds.
  path: Assets/ThirdParty/LeanTween/Examples/Material/Futoro_PlanetMaterial.mat
  artifactKey: Guid(6b98784ec692b4e00a86fa1044ad8998) Importer(815301076,1909f56bfc062723c751e8b465ee728b)
Start importing Assets/ThirdParty/LeanTween/Examples/Material/Futoro_PlanetMaterial.mat using Guid(6b98784ec692b4e00a86fa1044ad8998) Importer(815301076,1909f56bfc062723c751e8b465ee728b)  -> (artifact id: '03424191a16bff3106339e8441ef1e77') in 0.156705 seconds 
========================================================================
Received Import Request.
  Time since last request: 0.000017 seconds.
  path: Assets/ThirdParty/LeanTween/Examples/Material/Futuro_Bar.psd
  artifactKey: Guid(492b9988436bd45049a9a6bc52ac8fb0) Importer(815301076,1909f56bfc062723c751e8b465ee728b)
Start importing Assets/ThirdParty/LeanTween/Examples/Material/Futuro_Bar.psd using Guid(492b9988436bd45049a9a6bc52ac8fb0) Importer(815301076,1909f56bfc062723c751e8b465ee728b)  -> (artifact id: '47bcd9b6ab4bdb11f13bdaff2e0ef0f4') in 0.042888 seconds 
========================================================================
Received Import Request.
  Time since last request: 0.000024 seconds.
  path: Assets/ThirdParty/LeanTween/Examples/Material/ParticleGlow.mat
  artifactKey: Guid(8de91330a48c540279c3bc6e3aff2b4d) Importer(815301076,1909f56bfc062723c751e8b465ee728b)
Start importing Assets/ThirdParty/LeanTween/Examples/Material/ParticleGlow.mat using Guid(8de91330a48c540279c3bc6e3aff2b4d) Importer(815301076,1909f56bfc062723c751e8b465ee728b)  -> (artifact id: 'f425f254946d9d45bcdb5975a57fff2a') in 0.043943 seconds 
========================================================================
Received Import Request.
  Time since last request: 0.000019 seconds.
  path: Assets/ThirdParty/LeanTween/Examples/Material/Futuro_ButtonBackDark.psd
  artifactKey: Guid(b8aaa707027cc4f79af3439c5dbc9652) Importer(815301076,1909f56bfc062723c751e8b465ee728b)
Start importing Assets/ThirdParty/LeanTween/Examples/Material/Futuro_ButtonBackDark.psd using Guid(b8aaa707027cc4f79af3439c5dbc9652) Importer(815301076,1909f56bfc062723c751e8b465ee728b)  -> (artifact id: 'e5dd35c81fa02c32cddadde955adb15d') in 0.030385 seconds 
========================================================================
Received Import Request.
  Time since last request: 0.000020 seconds.
  path: Assets/ThirdParty/LeanTween/Examples/Material/GridLines.mat
  artifactKey: Guid(9a06e258e3bf640e885048b32fdf51b7) Importer(815301076,1909f56bfc062723c751e8b465ee728b)
Start importing Assets/ThirdParty/LeanTween/Examples/Material/GridLines.mat using Guid(9a06e258e3bf640e885048b32fdf51b7) Importer(815301076,1909f56bfc062723c751e8b465ee728b)  -> (artifact id: 'cdd393f233af02aafd230e060f2639d8') in 0.016646 seconds 
========================================================================
Received Import Request.
  Time since last request: 3.327880 seconds.
  path: Assets/ThirdParty/LeanTween/Examples/Prefabs/DustCloud.prefab
  artifactKey: Guid(3a6e1cb160a414c6cbe7d27b34d381a1) Importer(815301076,1909f56bfc062723c751e8b465ee728b)
Start importing Assets/ThirdParty/LeanTween/Examples/Prefabs/DustCloud.prefab using Guid(3a6e1cb160a414c6cbe7d27b34d381a1) Importer(815301076,1909f56bfc062723c751e8b465ee728b)  -> (artifact id: '6d4e08d514c56266a2442970810e46ef') in 0.087037 seconds 
========================================================================
Received Prepare
Registering precompiled user dll's ...
Registered in 0.002433 seconds.
Begin MonoManager ReloadAssembly
Symbol file LoadedFromMemory is not a mono symbol file
Native extension for WindowsStandalone target not found
Native extension for WebGL target not found
Refreshing native plugins compatible for Editor in 1.42 ms, found 2 plugins.
Preloading 0 native plugins for Editor in 0.00 ms.
Mono: successfully reloaded assembly
- Completed reload, in  1.165 seconds
Domain Reload Profiling:
	ReloadAssembly (1165ms)
		BeginReloadAssembly (146ms)
			ExecutionOrderSort (0ms)
			DisableScriptedObjects (4ms)
			BackupInstance (0ms)
			ReleaseScriptingObjects (0ms)
			CreateAndSetChildDomain (33ms)
		EndReloadAssembly (905ms)
			LoadAssemblies (108ms)
			RebuildTransferFunctionScriptingTraits (0ms)
			SetupTypeCache (220ms)
			ReleaseScriptCaches (1ms)
			RebuildScriptCaches (55ms)
			SetupLoadedEditorAssemblies (478ms)
				LogAssemblyErrors (0ms)
				InitializePlatformSupportModulesInManaged (16ms)
				SetLoadedEditorAssemblies (0ms)
				RefreshPlugins (2ms)
				BeforeProcessingInitializeOnLoad (61ms)
				ProcessInitializeOnLoadAttributes (358ms)
				ProcessInitializeOnLoadMethodAttributes (28ms)
				AfterProcessingInitializeOnLoad (12ms)
				EditorAssembliesLoaded (0ms)
			ExecutionOrderSort2 (0ms)
			AwakeInstancesAfterBackupRestoration (8ms)
Platform modules already initialized, skipping
Refreshing native plugins compatible for Editor in 2.08 ms, found 2 plugins.
Preloading 0 native plugins for Editor in 0.00 ms.
Unloading 2174 Unused Serialized files (Serialized files now loaded: 0)
Unloading 12 unused Assets / (95.5 KB). Loaded Objects now: 2820.
Memory consumption went from 132.9 MB to 132.8 MB.
Total: 3.020700 ms (FindLiveObjects: 0.260700 ms CreateObjectMapping: 0.218400 ms MarkObjects: 2.501500 ms  DeleteObjects: 0.039000 ms)

AssetImportParameters requested are different than current active one (requested -> active):
  custom:video-decoder-ogg-theora: a1e56fd34408186e4bbccfd4996cb3dc -> 
  custom:container-muxer-webm: aa71ff27fc2769a1b78a27578f13a17b -> 
  custom:container-demuxer-webm: 4f35f7cbe854078d1ac9338744f61a02 -> 
  custom:video-encoder-webm-vp8: eb34c28f22e8b96e1ab97ce403110664 -> 
  custom:audio-encoder-webm-vorbis: bf7c407c2cedff20999df2af8eb42d56 -> 
  custom:framework-win-MediaFoundation: 216162199b28c13a410421893ffa2e32 -> 
  custom:container-demuxer-ogg: 62fdf1f143b41e24485cea50d1cbac27 -> 
  custom:video-decoder-webm-vp8: 9c59270c3fd7afecdb556c50c9e8de78 -> 
  custom:audio-decoder-ogg-vorbis: bf7c407c2cedff20999df2af8eb42d56 -> 
Editor requested this worker to shutdown with reason: Scaling down because of idle timeout
AssetImportWorker is now disconnected from the server
Process exiting
Exiting without the bug reporter. Application will terminate with return code 0